<?xml version="1.0" encoding="UTF-8"?>
<testsuite xmlns:xsi="http://www.w3.org/2001/XMLSchema-instance" xsi:noNamespaceSchemaLocation="https://maven.apache.org/surefire/maven-surefire-plugin/xsd/surefire-test-report.xsd" version="3.0.2" name="io.cyborgcode.roa.framework.chain.FluentChainTest" time="2.208" tests="0" errors="0" skipped="0" failures="0">
  <properties>
[...]
</properties>
  <testcase name="testCreateSuperQuest" classname="FluentChain Interface Tests" time="0.005"/>
  <testcase name="testValidateWithRunnableThrowsException" classname="FluentChain Interface Tests" time="0.006"/>
  <testcase name="testValidateWithRunnable" classname="Validation methods tests" time="0.085"/>
  <testcase name="testValidateWithConsumer" classname="Validation methods tests" time="1.473"/>
  <testcase name="testChainedMethods" classname="Chained method tests" time="0.012"/>
  <testcase name="testSoftValidationChained" classname="Chained method tests" time="0.012"/>
  <testcase name="testDrop" classname="Basic interface method tests" time="0.003"/>
  <testcase name="testComplete" classname="Basic interface method tests" time="0.007"/>
  <testcase name="testFactoryMethodWithValidate" classname="Basic interface method tests" time="0.009"/>
</testsuite>