<?xml version="1.0" encoding="UTF-8"?>
<testsuite xmlns:xsi="http://www.w3.org/2001/XMLSchema-instance" xsi:noNamespaceSchemaLocation="https://maven.apache.org/surefire/maven-surefire-plugin/xsd/surefire-test-report.xsd" version="3.0.2" name="io.cyborgcode.roa.db.connector.BaseDbConnectorServiceTest" time="0.697" tests="0" errors="0" skipped="0" failures="0">
  <properties>
[...]
</properties>
  <testcase name="testCloseConnections_ShouldHandleSQLExceptionOnClose" classname="Connection Closing Tests" time="0.217">
    <system-out><![CDATA[Registered database driver for type: mockDbType
Successfully created connection for URL: jdbc:mock://localhost:5432/testdb
Failed to close connection for URL: jdbc:mock://localhost:5432/testdb
java.sql.SQLException: Simulated close failure
	at io.cyborgcode.roa.db.connector.BaseDbConnectorService.lambda$closeConnections$1(BaseDbConnectorService.java:104)
	at java.base/java.util.concurrent.ConcurrentHashMap.forEach(ConcurrentHashMap.java:1603)
	at io.cyborgcode.roa.db.connector.BaseDbConnectorService.closeConnections(BaseDbConnectorService.java:101)
	at io.cyborgcode.roa.db.connector.BaseDbConnectorService.closeConnections(BaseDbConnectorService.java:101)
	at io.cyborgcode.roa.db.connector.BaseDbConnectorServiceTest$ConnectionClosingTests.lambda$testCloseConnections_ShouldHandleSQLExceptionOnClose$7(BaseDbConnectorServiceTest.java:276)
	at org.junit.jupiter.api.AssertDoesNotThrow.assertDoesNotThrow(AssertDoesNotThrow.java:52)
	at org.junit.jupiter.api.AssertDoesNotThrow.assertDoesNotThrow(AssertDoesNotThrow.java:43)
	at org.junit.jupiter.api.Assertions.assertDoesNotThrow(Assertions.java:3314)
	at io.cyborgcode.roa.db.connector.BaseDbConnectorServiceTest$ConnectionClosingTests.testCloseConnections_ShouldHandleSQLExceptionOnClose(BaseDbConnectorServiceTest.java:276)
	at java.base/jdk.internal.reflect.NativeMethodAccessorImpl.invoke0(Native Method)
	at java.base/jdk.internal.reflect.NativeMethodAccessorImpl.invoke(NativeMethodAccessorImpl.java:77)
	at java.base/jdk.internal.reflect.DelegatingMethodAccessorImpl.invoke(DelegatingMethodAccessorImpl.java:43)
	at java.base/java.lang.reflect.Method.invoke(Method.java:569)
	at org.junit.platform.commons.util.ReflectionUtils.invokeMethod(ReflectionUtils.java:701)
	at org.junit.platform.commons.support.ReflectionSupport.invokeMethod(ReflectionSupport.java:502)
	at org.junit.jupiter.engine.support.MethodReflectionUtils.invoke(MethodReflectionUtils.java:45)
	at org.junit.jupiter.engine.execution.MethodInvocation.proceed(MethodInvocation.java:61)
	at org.junit.jupiter.engine.execution.InvocationInterceptorChain$ValidatingInvocation.proceed(InvocationInterceptorChain.java:124)
	at org.junit.jupiter.engine.extension.TimeoutExtension.intercept(TimeoutExtension.java:163)
	at org.junit.jupiter.engine.extension.TimeoutExtension.interceptTestableMethod(TimeoutExtension.java:148)
	at org.junit.jupiter.engine.extension.TimeoutExtension.interceptTestMethod(TimeoutExtension.java:86)
	at org.junit.jupiter.engine.execution.InterceptingExecutableInvoker$ReflectiveInterceptorCall.lambda$ofVoidMethod$0(InterceptingExecutableInvoker.java:123)
	at org.junit.jupiter.engine.execution.InterceptingExecutableInvoker.lambda$invoke$0(InterceptingExecutableInvoker.java:105)
	at org.junit.jupiter.engine.execution.InvocationInterceptorChain$InterceptedInvocation.proceed(InvocationInterceptorChain.java:99)
	at org.junit.jupiter.engine.execution.InvocationInterceptorChain.proceed(InvocationInterceptorChain.java:66)
	at org.junit.jupiter.engine.execution.InvocationInterceptorChain.chainAndInvoke(InvocationInterceptorChain.java:47)
	at org.junit.jupiter.engine.execution.InvocationInterceptorChain.invoke(InvocationInterceptorChain.java:39)
	at org.junit.jupiter.engine.execution.InterceptingExecutableInvoker.invoke(InterceptingExecutableInvoker.java:104)
	at org.junit.jupiter.engine.execution.InterceptingExecutableInvoker.invoke(InterceptingExecutableInvoker.java:98)
	at org.junit.jupiter.engine.execution.InterceptingExecutableInvoker.invokeVoid(InterceptingExecutableInvoker.java:71)
	at org.junit.jupiter.engine.descriptor.TestMethodTestDescriptor.lambda$invokeTestMethod$0(TestMethodTestDescriptor.java:219)
	at org.junit.platform.engine.support.hierarchical.ThrowableCollector.execute(ThrowableCollector.java:74)
	at org.junit.jupiter.engine.descriptor.TestMethodTestDescriptor.invokeTestMethod(TestMethodTestDescriptor.java:215)
	at org.junit.jupiter.engine.descriptor.TestMethodTestDescriptor.execute(TestMethodTestDescriptor.java:157)
	at org.junit.jupiter.engine.descriptor.TestMethodTestDescriptor.execute(TestMethodTestDescriptor.java:70)
	at org.junit.platform.engine.support.hierarchical.NodeTestTask.lambda$executeRecursively$2(NodeTestTask.java:176)
	at org.junit.platform.engine.support.hierarchical.ThrowableCollector.execute(ThrowableCollector.java:74)
	at org.junit.platform.engine.support.hierarchical.NodeTestTask.lambda$executeRecursively$1(NodeTestTask.java:166)
	at org.junit.platform.engine.support.hierarchical.Node.around(Node.java:138)
	at org.junit.platform.engine.support.hierarchical.NodeTestTask.lambda$executeRecursively$0(NodeTestTask.java:164)
	at org.junit.platform.engine.support.hierarchical.ThrowableCollector.execute(ThrowableCollector.java:74)
	at org.junit.platform.engine.support.hierarchical.NodeTestTask.executeRecursively(NodeTestTask.java:163)
	at org.junit.platform.engine.support.hierarchical.NodeTestTask.execute(NodeTestTask.java:116)
	at java.base/java.util.ArrayList.forEach(ArrayList.java:1511)
	at org.junit.platform.engine.support.hierarchical.SameThreadHierarchicalTestExecutorService.invokeAll(SameThreadHierarchicalTestExecutorService.java:42)
	at org.junit.platform.engine.support.hierarchical.NodeTestTask.lambda$executeRecursively$2(NodeTestTask.java:180)
	at org.junit.platform.engine.support.hierarchical.ThrowableCollector.execute(ThrowableCollector.java:74)
	at org.junit.platform.engine.support.hierarchical.NodeTestTask.lambda$executeRecursively$1(NodeTestTask.java:166)
	at org.junit.platform.engine.support.hierarchical.Node.around(Node.java:138)
	at org.junit.platform.engine.support.hierarchical.NodeTestTask.lambda$executeRecursively$0(NodeTestTask.java:164)
	at org.junit.platform.engine.support.hierarchical.ThrowableCollector.execute(ThrowableCollector.java:74)
	at org.junit.platform.engine.support.hierarchical.NodeTestTask.executeRecursively(NodeTestTask.java:163)
	at org.junit.platform.engine.support.hierarchical.NodeTestTask.execute(NodeTestTask.java:116)
	at java.base/java.util.ArrayList.forEach(ArrayList.java:1511)
	at org.junit.platform.engine.support.hierarchical.SameThreadHierarchicalTestExecutorService.invokeAll(SameThreadHierarchicalTestExecutorService.java:42)
	at org.junit.platform.engine.support.hierarchical.NodeTestTask.lambda$executeRecursively$2(NodeTestTask.java:180)
	at org.junit.platform.engine.support.hierarchical.ThrowableCollector.execute(ThrowableCollector.java:74)
	at org.junit.platform.engine.support.hierarchical.NodeTestTask.lambda$executeRecursively$1(NodeTestTask.java:166)
	at org.junit.platform.engine.support.hierarchical.Node.around(Node.java:138)
	at org.junit.platform.engine.support.hierarchical.NodeTestTask.lambda$executeRecursively$0(NodeTestTask.java:164)
	at org.junit.platform.engine.support.hierarchical.ThrowableCollector.execute(ThrowableCollector.java:74)
	at org.junit.platform.engine.support.hierarchical.NodeTestTask.executeRecursively(NodeTestTask.java:163)
	at org.junit.platform.engine.support.hierarchical.NodeTestTask.execute(NodeTestTask.java:116)
	at java.base/java.util.ArrayList.forEach(ArrayList.java:1511)
	at org.junit.platform.engine.support.hierarchical.SameThreadHierarchicalTestExecutorService.invokeAll(SameThreadHierarchicalTestExecutorService.java:42)
	at org.junit.platform.engine.support.hierarchical.NodeTestTask.lambda$executeRecursively$2(NodeTestTask.java:180)
	at org.junit.platform.engine.support.hierarchical.ThrowableCollector.execute(ThrowableCollector.java:74)
	at org.junit.platform.engine.support.hierarchical.NodeTestTask.lambda$executeRecursively$1(NodeTestTask.java:166)
	at org.junit.platform.engine.support.hierarchical.Node.around(Node.java:138)
	at org.junit.platform.engine.support.hierarchical.NodeTestTask.lambda$executeRecursively$0(NodeTestTask.java:164)
	at org.junit.platform.engine.support.hierarchical.ThrowableCollector.execute(ThrowableCollector.java:74)
	at org.junit.platform.engine.support.hierarchical.NodeTestTask.executeRecursively(NodeTestTask.java:163)
	at org.junit.platform.engine.support.hierarchical.NodeTestTask.execute(NodeTestTask.java:116)
	at org.junit.platform.engine.support.hierarchical.SameThreadHierarchicalTestExecutorService.submit(SameThreadHierarchicalTestExecutorService.java:36)
	at org.junit.platform.engine.support.hierarchical.HierarchicalTestExecutor.execute(HierarchicalTestExecutor.java:52)
	at org.junit.platform.engine.support.hierarchical.HierarchicalTestEngine.execute(HierarchicalTestEngine.java:58)
	at org.junit.platform.launcher.core.EngineExecutionOrchestrator.executeEngine(EngineExecutionOrchestrator.java:246)
	at org.junit.platform.launcher.core.EngineExecutionOrchestrator.failOrExecuteEngine(EngineExecutionOrchestrator.java:218)
	at org.junit.platform.launcher.core.EngineExecutionOrchestrator.execute(EngineExecutionOrchestrator.java:179)
	at org.junit.platform.launcher.core.EngineExecutionOrchestrator.execute(EngineExecutionOrchestrator.java:108)
	at org.junit.platform.launcher.core.EngineExecutionOrchestrator.lambda$execute$0(EngineExecutionOrchestrator.java:66)
	at org.junit.platform.launcher.core.EngineExecutionOrchestrator.withInterceptedStreams(EngineExecutionOrchestrator.java:157)
	at org.junit.platform.launcher.core.EngineExecutionOrchestrator.execute(EngineExecutionOrchestrator.java:65)
	at org.junit.platform.launcher.core.DefaultLauncher.execute(DefaultLauncher.java:125)
	at org.junit.platform.launcher.core.DefaultLauncher.execute(DefaultLauncher.java:114)
	at org.junit.platform.launcher.core.DelegatingLauncher.execute(DelegatingLauncher.java:58)
	at org.junit.platform.launcher.core.InterceptingLauncher.lambda$execute$2(InterceptingLauncher.java:57)
	at org.junit.platform.launcher.core.ClasspathAlignmentCheckingLauncherInterceptor.intercept(ClasspathAlignmentCheckingLauncherInterceptor.java:25)
	at org.junit.platform.launcher.core.InterceptingLauncher.execute(InterceptingLauncher.java:56)
	at org.junit.platform.launcher.core.DelegatingLauncher.execute(DelegatingLauncher.java:58)
	at java.base/jdk.internal.reflect.NativeMethodAccessorImpl.invoke0(Native Method)
	at java.base/jdk.internal.reflect.NativeMethodAccessorImpl.invoke(NativeMethodAccessorImpl.java:77)
	at java.base/jdk.internal.reflect.DelegatingMethodAccessorImpl.invoke(DelegatingMethodAccessorImpl.java:43)
	at java.base/java.lang.reflect.Method.invoke(Method.java:569)
	at org.apache.maven.surefire.api.util.ReflectionUtils.invokeMethodWithArray(ReflectionUtils.java:125)
	at org.apache.maven.surefire.junitplatform.LauncherAdapter.executeWithCancellationToken(LauncherAdapter.java:68)
	at org.apache.maven.surefire.junitplatform.LauncherAdapter.execute(LauncherAdapter.java:54)
	at org.apache.maven.surefire.junitplatform.JUnitPlatformProvider.execute(JUnitPlatformProvider.java:203)
	at org.apache.maven.surefire.junitplatform.JUnitPlatformProvider.invokeAllTests(JUnitPlatformProvider.java:168)
	at org.apache.maven.surefire.junitplatform.JUnitPlatformProvider.invoke(JUnitPlatformProvider.java:136)
	at org.apache.maven.surefire.booter.ForkedBooter.runSuitesInProcess(ForkedBooter.java:385)
	at org.apache.maven.surefire.booter.ForkedBooter.execute(ForkedBooter.java:162)
	at org.apache.maven.surefire.booter.ForkedBooter.run(ForkedBooter.java:507)
	at org.apache.maven.surefire.booter.ForkedBooter.main(ForkedBooter.java:495)
Cleared all connections and registered types.
Cleared all connections and registered types.
]]></system-out>
  </testcase>
  <testcase name="testCloseConnections_ShouldHandleEmptyConnectionsGracefully" classname="Connection Closing Tests" time="0.009">
    <system-out><![CDATA[Cleared all connections and registered types.
Cleared all connections and registered types.
]]></system-out>
  </testcase>
  <testcase name="testCloseConnections_ShouldClearConnectionMap" classname="Connection Closing Tests" time="0.155">
    <system-out><![CDATA[Registered database driver for type: mockDbType
Successfully created connection for URL: jdbc:mock://localhost:5432/testdb
Closed connection for URL: jdbc:mock://localhost:5432/testdb
Cleared all connections and registered types.
Registered database driver for type: mockDbType
Successfully created connection for URL: jdbc:mock://localhost:5432/testdb
Closed connection for URL: jdbc:mock://localhost:5432/testdb
Cleared all connections and registered types.
]]></system-out>
  </testcase>
  <testcase name="testCloseConnections_ShouldHandleAlreadyClosedConnections" classname="Connection Closing Tests" time="0.024">
    <system-out><![CDATA[Registered database driver for type: mockDbType
Successfully created connection for URL: jdbc:mock://localhost:5432/testdb
Cleared all connections and registered types.
Cleared all connections and registered types.
]]></system-out>
  </testcase>
  <testcase name="testRegisterDriverIfNecessary_ShouldNotRegisterDriverIfAlreadyRegistered" classname="Driver Registration Tests" time="0.02">
    <system-out><![CDATA[Registered database driver for type: mockDbType
Successfully created connection for URL: jdbc:mock://localhost:5432/testdb
Closed connection for URL: jdbc:mock://localhost:5432/testdb
Cleared all connections and registered types.
]]></system-out>
  </testcase>
  <testcase name="testRegisterDriverIfNecessary_ShouldThrowExceptionOnDriverRegistrationFailure" classname="Driver Registration Tests" time="0.021">
    <system-out><![CDATA[Cleared all connections and registered types.
]]></system-out>
  </testcase>
  <testcase name="innerIfFalsePath" classname="Private Method Coverage" time="0.025">
    <system-out><![CDATA[Cleared all connections and registered types.
]]></system-out>
  </testcase>
  <testcase name="buildConnectionUrl_prefersFullConnectionString" classname="Private Method Coverage" time="0.015">
    <system-out><![CDATA[Cleared all connections and registered types.
]]></system-out>
  </testcase>
  <testcase name="registerDriver_logsOnFirstCall" classname="Private Method Coverage" time="0.035">
    <system-out><![CDATA[Cleared all connections and registered types.
Cleared all connections and registered types.
]]></system-out>
  </testcase>
  <testcase name="testGetConnection_ShouldReturnSameConnectionForSameURL" classname="Connection Management Tests" time="0.027">
    <system-out><![CDATA[Registered database driver for type: mockDbType
Successfully created connection for URL: jdbc:mock://localhost:5432/testdb
Closed connection for URL: jdbc:mock://localhost:5432/testdb
Cleared all connections and registered types.
]]></system-out>
  </testcase>
  <testcase name="testGetConnection_ShouldCreateDifferentConnectionsForDifferentURLs" classname="Connection Management Tests" time="0.053">
    <system-out><![CDATA[Registered database driver for type: mockDbType
Successfully created connection for URL: jdbc:mock://localhost:5432/testdb
Successfully created connection for URL: jdbc:mock://localhost:5432/otherdb
Closed connection for URL: jdbc:mock://localhost:5432/testdb
Closed connection for URL: jdbc:mock://localhost:5432/otherdb
Cleared all connections and registered types.
]]></system-out>
  </testcase>
  <testcase name="testCreateConnection_ShouldThrowExceptionForConnectionFailure" classname="Error Handling Tests" time="0.018">
    <system-out><![CDATA[Registered database driver for type: mockDbType
Cleared all connections and registered types.
]]></system-out>
  </testcase>
  <testcase name="testBuildConnectionUrl_ShouldFormatUrlCorrectly" classname="Error Handling Tests" time="0.008">
    <system-out><![CDATA[Cleared all connections and registered types.
]]></system-out>
  </testcase>
</testsuite>