{"uid":"baca7173de0778","name":"storageFeatureUsingDataFromFluentSteps(Quest, Seller)","fullName":"io.cyborgcode.ui.complex.test.framework.AdvancedFeaturesTest.storageFeatureUsingDataFromFluentSteps","historyId":"eecabdac9a093e7eede359e756dc8002","time":{"start":1769628599533,"stop":1769628621806,"duration":22273},"description":"Storage feature: Retrieve storage data captured during test UI steps","descriptionHtml":"<div style='margin: 20px;'><style>\n  .metadata-container { margin: 20px 0; }\n  .metadata-toggle {\n      background-color: #2c3e50;\n      color: white;\n      padding: 8px 12px;\n      cursor: pointer;\n      border: none;\n      border-radius: 4px;\n      font-size: 13px;\n      display: inline-flex;\n      align-items: center;\n      gap: 8px;\n      width: 150px;\n  }\n  .metadata-toggle:hover { background-color: #34495e; }\n  .metadata-toggle::before {\n      content: '▶';\n      display: inline-block;\n      transition: transform 0.3s;\n  }\n  details[open] .metadata-toggle::before { transform: rotate(90deg); }\n  .metadata-content { display: none; margin-top: 10px; }\n  details[open] .metadata-content { display: block; }\n  .metadata-table {\n      border-collapse: collapse;\n      width: 100%;\n      margin-top: 10px;\n      box-shadow: 0 4px 15px rgba(0, 0, 0, 0.1);\n  }\n  .metadata-table th {\n      background-color: #2c3e50;\n      color: white;\n      text-transform: uppercase;\n      font-size: 14px;\n      padding: 15px;\n      text-align: left;\n  }\n  .metadata-table td {\n      padding: 12px 15px;\n      border-bottom: 1px solid #ecf0f1;\n      font-size: 14px;\n      background-color: white;\n  }\n  .metadata-table tr:nth-child(even) td { background-color: #f8f9fa; }\n  .metadata-table tr:hover td { background-color: #f1f4f6; }\n  .annotation { display: block; margin: 5px 0; padding: 8px 12px; background-color: #f7f9fc; border-left: 3px solid #3498db; border-radius: 3px; }\n  .test-arguments { word-break: break-word; max-width: 600px; line-height: 1.5; }\n</style>\n\n<details class=\"metadata-container\">\n  <summary class=\"metadata-toggle\">Test Details</summary>\n  <div class=\"metadata-content\">\n    <table class=\"metadata-table\">\n      <tr><th style=\"width: 30%\">Property</th><th>Value</th></tr>\n      <tr><td>Test Name</td><td>storageFeatureUsingDataFromFluentSteps</td></tr>\n      <tr><td>Class Name</td><td>AdvancedFeaturesTest</td></tr>\n      <tr><td>Class Annotations</td><td><pre class='annotation'>@SpringBootTest(,\n     args=,\n     classes=class io.cyborgcode.roa.framework.config.TestConfig,\n     properties=,\n     webEnvironment=NONE)\n@Tag(exclude-from-verify)\n@TestInstance(PER_CLASS)\n@DirtiesContext\n@UI\n@DB\n@API\n@DbHook(type=INITIALIZE_H2,\n     arguments=,\n     when=BEFORE)\n@DisplayName(Advanced Features usage examples)\n</pre></td></tr>\n      <tr><td>Method Annotations</td><td><pre class='annotation'>@Test\n@Smoke\n@Regression\n@Description(\"Storage feature: Retrieve storage data captured during test UI steps\")\n</pre></td></tr>\n      <tr><td>Test Arguments</td><td class=\"test-arguments\">Quest, Seller</td></tr>\n    </table>\n  </div>\n</details><style>\n    .metadata-container { margin: 20px 0; }\n    .metadata-toggle {\n        background-color: #2c3e50;\n        color: white;\n        padding: 8px 12px;\n        cursor: pointer;\n        border: none;\n        border-radius: 4px;\n        font-size: 13px;\n        display: inline-flex;\n        align-items: center;\n        gap: 8px;\n        width: 150px;\n        text-align: left;\n    }\n    .metadata-toggle:hover { background-color: #34495e; }\n    .metadata-toggle::before {\n        content: '▶';\n        display: inline-block;\n        transition: transform 0.3s;\n    }\n    details[open] .metadata-toggle::before { transform: rotate(90deg); }\n    .metadata-content { display: none; margin-top: 10px; }\n    details[open] .metadata-content { display: block; }\n    .metadata-table {\n        border-collapse: collapse;\n        width: 100%;\n        margin-top: 10px;\n        box-shadow: 0 4px 15px rgba(0, 0, 0, 0.1);\n    }\n    .metadata-table td {\n        padding: 12px 15px;\n        border-bottom: 1px solid #ecf0f1;\n        font-size: 14px;\n        background-color: white;\n    }\n    .metadata-table tr:nth-child(even) td { background-color: #f8f9fa; }\n    .metadata-table tr:hover td { background-color: #f1f4f6; }\n    .section-header {\n        background-color: #2c3e50; /* Header color */\n        color: white;\n        font-weight: bold;\n        padding: 15px;\n        text-transform: uppercase;\n        font-size: 14px;\n    }\n    .metadata-table tr td.section-header,\n    .metadata-table tr:hover td.section-header {\n        background-color: #2c3e50 !important;\n    }\n</style>\n\n<details class=\"metadata-container\">\n    <summary class=\"metadata-toggle\">Test Data</summary>\n    <div class=\"metadata-content\">\n        <table class=\"metadata-table\">\n            <tr>\n                <td colspan=\"2\" class=\"section-header\">Arguments</td>\n            </tr>\n            <tr><td>SELLER</td><td>Seller {\nname: null\nsurname: null\nusername: admin@vaadin.com\npassword: admin\n}</td></tr>\n        </table>\n    </div>\n</details></div>","status":"broken","statusMessage":"Expected condition failed: waiting for element to be clickable: By.cssSelector: vaadin-button#action (tried for 20 second(s) with 500 milliseconds interval)\nBuild info: version: '4.37.0', revision: '3c1da1e342'\nSystem info: os.name: 'Linux', os.arch: 'amd64', os.version: '6.11.0-1018-azure', java.version: '17.0.17'\nDriver info: net.bytebuddy.renamed.java.lang.Object$ByteBuddy$QmsAdSqe\nCapabilities {acceptInsecureCerts: false, browserName: chrome, browserVersion: 114.0.5735.133, chrome: {chromedriverVersion: 114.0.5735.90 (386bc09e8f4f..., userDataDir: /tmp/.com.google.Chrome.sQi6s8}, goog:chromeOptions: {debuggerAddress: localhost:39449}, networkConnectionEnabled: false, pageLoadStrategy: normal, platformName: linux, proxy: Proxy(), se:bidiEnabled: false, se:cdp: ws://172.18.0.3:4444/sessio..., se:cdpVersion: 114.0.5735.133, se:vnc: ws://172.18.0.3:4444/sessio..., se:vncEnabled: true, se:vncLocalAddress: ws://172.18.0.3:7900, setWindowRect: true, strictFileInteractability: false, timeouts: {implicit: 0, pageLoad: 300000, script: 30000}, unhandledPromptBehavior: dismiss and notify, webauthn:extension:credBlob: true, webauthn:extension:largeBlob: true, webauthn:extension:minPinLength: true, webauthn:extension:prf: true, webauthn:virtualAuthenticators: true}\nSession ID: 7b227499ddb16f9c8f5e34378faf1eee","statusTrace":"org.openqa.selenium.TimeoutException: Expected condition failed: waiting for element to be clickable: By.cssSelector: vaadin-button#action (tried for 20 second(s) with 500 milliseconds interval)\nBuild info: version: '4.37.0', revision: '3c1da1e342'\nSystem info: os.name: 'Linux', os.arch: 'amd64', os.version: '6.11.0-1018-azure', java.version: '17.0.17'\nDriver info: net.bytebuddy.renamed.java.lang.Object$ByteBuddy$QmsAdSqe\nCapabilities {acceptInsecureCerts: false, browserName: chrome, browserVersion: 114.0.5735.133, chrome: {chromedriverVersion: 114.0.5735.90 (386bc09e8f4f..., userDataDir: /tmp/.com.google.Chrome.sQi6s8}, goog:chromeOptions: {debuggerAddress: localhost:39449}, networkConnectionEnabled: false, pageLoadStrategy: normal, platformName: linux, proxy: Proxy(), se:bidiEnabled: false, se:cdp: ws://172.18.0.3:4444/sessio..., se:cdpVersion: 114.0.5735.133, se:vnc: ws://172.18.0.3:4444/sessio..., se:vncEnabled: true, se:vncLocalAddress: ws://172.18.0.3:7900, setWindowRect: true, strictFileInteractability: false, timeouts: {implicit: 0, pageLoad: 300000, script: 30000}, unhandledPromptBehavior: dismiss and notify, webauthn:extension:credBlob: true, webauthn:extension:largeBlob: true, webauthn:extension:minPinLength: true, webauthn:extension:prf: true, webauthn:virtualAuthenticators: true}\nSession ID: 7b227499ddb16f9c8f5e34378faf1eee\n\tat org.openqa.selenium.support.ui.WebDriverWait.timeoutException(WebDriverWait.java:84)\n\tat org.openqa.selenium.support.ui.FluentWait.until(FluentWait.java:228)\n\tat io.cyborgcode.ui.complex.test.framework.ui.functions.SharedUiFunctions.waitToBeClickable(SharedUiFunctions.java:88)\n\tat io.cyborgcode.ui.complex.test.framework.ui.functions.SharedUi.lambda$asConsumer$2(SharedUi.java:49)\n\tat io.cyborgcode.roa.ui.service.fluent.ButtonServiceFluent.validateIsVisible(ButtonServiceFluent.java:199)\n\tat io.cyborgcode.roa.ui.service.fluent.ButtonServiceFluent.validateIsVisible(ButtonServiceFluent.java:180)\n\tat io.cyborgcode.ui.complex.test.framework.service.CustomService.login(CustomService.java:69)\n\tat io.cyborgcode.ui.complex.test.framework.AdvancedFeaturesTest.storageFeatureUsingDataFromFluentSteps(AdvancedFeaturesTest.java:161)\n\tSuppressed: org.openqa.selenium.NoSuchSessionException: Session ID is null. Using WebDriver after calling quit()?\nBuild info: version: '4.37.0', revision: '3c1da1e342'\nSystem info: os.name: 'Linux', os.arch: 'amd64', os.version: '6.11.0-1018-azure', java.version: '17.0.17'\nDriver info: org.openqa.selenium.remote.RemoteWebDriver\nCommand: [null, close {}]\nCapabilities {acceptInsecureCerts: false, browserName: chrome, browserVersion: 114.0.5735.133, chrome: {chromedriverVersion: 114.0.5735.90 (386bc09e8f4f..., userDataDir: /tmp/.com.google.Chrome.sQi6s8}, goog:chromeOptions: {debuggerAddress: localhost:39449}, networkConnectionEnabled: false, pageLoadStrategy: normal, platformName: linux, proxy: Proxy(), se:bidiEnabled: false, se:cdp: ws://172.18.0.3:4444/sessio..., se:cdpVersion: 114.0.5735.133, se:vnc: ws://172.18.0.3:4444/sessio..., se:vncEnabled: true, se:vncLocalAddress: ws://172.18.0.3:7900, setWindowRect: true, strictFileInteractability: false, timeouts: {implicit: 0, pageLoad: 300000, script: 30000}, unhandledPromptBehavior: dismiss and notify, webauthn:extension:credBlob: true, webauthn:extension:largeBlob: true, webauthn:extension:minPinLength: true, webauthn:extension:prf: true, webauthn:virtualAuthenticators: true}\n\t\tat org.openqa.selenium.remote.HttpCommandExecutor.execute(HttpCommandExecutor.java:176)\n\t\tat org.openqa.selenium.remote.TracedCommandExecutor.execute(TracedCommandExecutor.java:53)\n\t\tat org.openqa.selenium.remote.RemoteWebDriver.execute(RemoteWebDriver.java:557)\n\t\tat org.openqa.selenium.remote.RemoteWebDriver.execute(RemoteWebDriver.java:634)\n\t\tat org.openqa.selenium.remote.RemoteWebDriver.execute(RemoteWebDriver.java:638)\n\t\tat org.openqa.selenium.remote.RemoteWebDriver.close(RemoteWebDriver.java:430)\n\t\tat java.base/java.lang.reflect.Method.invoke(Method.java:569)\n\t\tat org.openqa.selenium.support.decorators.WebDriverDecorator.call(WebDriverDecorator.java:315)\n\t\tat org.openqa.selenium.support.decorators.DefaultDecorated.call(DefaultDecorated.java:48)\n\t\tat org.openqa.selenium.support.decorators.WebDriverDecorator.lambda$createProxyFactory$3(WebDriverDecorator.java:405)\n\t\tat net.bytebuddy.renamed.java.lang.Object$ByteBuddy$QmsAdSqe.close(Unknown Source)\n\t\tat io.cyborgcode.roa.ui.extensions.UiTestExtension.afterTestExecution(UiTestExtension.java:316)\n\t\tat java.base/java.util.concurrent.ForkJoinTask.doExec(ForkJoinTask.java:373)\n\t\tat java.base/java.util.concurrent.ForkJoinPool$WorkQueue.topLevelExec(ForkJoinPool.java:1182)\n\t\tat java.base/java.util.concurrent.ForkJoinPool.scan(ForkJoinPool.java:1655)\n\t\tat java.base/java.util.concurrent.ForkJoinPool.runWorker(ForkJoinPool.java:1622)\n\t\tat java.base/java.util.concurrent.ForkJoinWorkerThread.run(ForkJoinWorkerThread.java:165)\n","flaky":false,"newFailed":false,"newBroken":false,"newPassed":false,"retriesCount":0,"retriesStatusChange":false,"beforeStages":[{"name":"beforeAll","time":{"start":1769628488731,"stop":1769628488732,"duration":1},"status":"passed","steps":[],"attachments":[],"parameters":[],"shouldDisplayMessage":false,"stepsCount":0,"attachmentsCount":0,"hasContent":false,"attachmentStep":false}],"testStage":{"description":"Storage feature: Retrieve storage data captured during test UI steps","descriptionHtml":"<div style='margin: 20px;'><style>\n  .metadata-container { margin: 20px 0; }\n  .metadata-toggle {\n      background-color: #2c3e50;\n      color: white;\n      padding: 8px 12px;\n      cursor: pointer;\n      border: none;\n      border-radius: 4px;\n      font-size: 13px;\n      display: inline-flex;\n      align-items: center;\n      gap: 8px;\n      width: 150px;\n  }\n  .metadata-toggle:hover { background-color: #34495e; }\n  .metadata-toggle::before {\n      content: '▶';\n      display: inline-block;\n      transition: transform 0.3s;\n  }\n  details[open] .metadata-toggle::before { transform: rotate(90deg); }\n  .metadata-content { display: none; margin-top: 10px; }\n  details[open] .metadata-content { display: block; }\n  .metadata-table {\n      border-collapse: collapse;\n      width: 100%;\n      margin-top: 10px;\n      box-shadow: 0 4px 15px rgba(0, 0, 0, 0.1);\n  }\n  .metadata-table th {\n      background-color: #2c3e50;\n      color: white;\n      text-transform: uppercase;\n      font-size: 14px;\n      padding: 15px;\n      text-align: left;\n  }\n  .metadata-table td {\n      padding: 12px 15px;\n      border-bottom: 1px solid #ecf0f1;\n      font-size: 14px;\n      background-color: white;\n  }\n  .metadata-table tr:nth-child(even) td { background-color: #f8f9fa; }\n  .metadata-table tr:hover td { background-color: #f1f4f6; }\n  .annotation { display: block; margin: 5px 0; padding: 8px 12px; background-color: #f7f9fc; border-left: 3px solid #3498db; border-radius: 3px; }\n  .test-arguments { word-break: break-word; max-width: 600px; line-height: 1.5; }\n</style>\n\n<details class=\"metadata-container\">\n  <summary class=\"metadata-toggle\">Test Details</summary>\n  <div class=\"metadata-content\">\n    <table class=\"metadata-table\">\n      <tr><th style=\"width: 30%\">Property</th><th>Value</th></tr>\n      <tr><td>Test Name</td><td>storageFeatureUsingDataFromFluentSteps</td></tr>\n      <tr><td>Class Name</td><td>AdvancedFeaturesTest</td></tr>\n      <tr><td>Class Annotations</td><td><pre class='annotation'>@SpringBootTest(,\n     args=,\n     classes=class io.cyborgcode.roa.framework.config.TestConfig,\n     properties=,\n     webEnvironment=NONE)\n@Tag(exclude-from-verify)\n@TestInstance(PER_CLASS)\n@DirtiesContext\n@UI\n@DB\n@API\n@DbHook(type=INITIALIZE_H2,\n     arguments=,\n     when=BEFORE)\n@DisplayName(Advanced Features usage examples)\n</pre></td></tr>\n      <tr><td>Method Annotations</td><td><pre class='annotation'>@Test\n@Smoke\n@Regression\n@Description(\"Storage feature: Retrieve storage data captured during test UI steps\")\n</pre></td></tr>\n      <tr><td>Test Arguments</td><td class=\"test-arguments\">Quest, Seller</td></tr>\n    </table>\n  </div>\n</details><style>\n    .metadata-container { margin: 20px 0; }\n    .metadata-toggle {\n        background-color: #2c3e50;\n        color: white;\n        padding: 8px 12px;\n        cursor: pointer;\n        border: none;\n        border-radius: 4px;\n        font-size: 13px;\n        display: inline-flex;\n        align-items: center;\n        gap: 8px;\n        width: 150px;\n        text-align: left;\n    }\n    .metadata-toggle:hover { background-color: #34495e; }\n    .metadata-toggle::before {\n        content: '▶';\n        display: inline-block;\n        transition: transform 0.3s;\n    }\n    details[open] .metadata-toggle::before { transform: rotate(90deg); }\n    .metadata-content { display: none; margin-top: 10px; }\n    details[open] .metadata-content { display: block; }\n    .metadata-table {\n        border-collapse: collapse;\n        width: 100%;\n        margin-top: 10px;\n        box-shadow: 0 4px 15px rgba(0, 0, 0, 0.1);\n    }\n    .metadata-table td {\n        padding: 12px 15px;\n        border-bottom: 1px solid #ecf0f1;\n        font-size: 14px;\n        background-color: white;\n    }\n    .metadata-table tr:nth-child(even) td { background-color: #f8f9fa; }\n    .metadata-table tr:hover td { background-color: #f1f4f6; }\n    .section-header {\n        background-color: #2c3e50; /* Header color */\n        color: white;\n        font-weight: bold;\n        padding: 15px;\n        text-transform: uppercase;\n        font-size: 14px;\n    }\n    .metadata-table tr td.section-header,\n    .metadata-table tr:hover td.section-header {\n        background-color: #2c3e50 !important;\n    }\n</style>\n\n<details class=\"metadata-container\">\n    <summary class=\"metadata-toggle\">Test Data</summary>\n    <div class=\"metadata-content\">\n        <table class=\"metadata-table\">\n            <tr>\n                <td colspan=\"2\" class=\"section-header\">Arguments</td>\n            </tr>\n            <tr><td>SELLER</td><td>Seller {\nname: null\nsurname: null\nusername: admin@vaadin.com\npassword: admin\n}</td></tr>\n        </table>\n    </div>\n</details></div>","status":"broken","statusMessage":"Expected condition failed: waiting for element to be clickable: By.cssSelector: vaadin-button#action (tried for 20 second(s) with 500 milliseconds interval)\nBuild info: version: '4.37.0', revision: '3c1da1e342'\nSystem info: os.name: 'Linux', os.arch: 'amd64', os.version: '6.11.0-1018-azure', java.version: '17.0.17'\nDriver info: net.bytebuddy.renamed.java.lang.Object$ByteBuddy$QmsAdSqe\nCapabilities {acceptInsecureCerts: false, browserName: chrome, browserVersion: 114.0.5735.133, chrome: {chromedriverVersion: 114.0.5735.90 (386bc09e8f4f..., userDataDir: /tmp/.com.google.Chrome.sQi6s8}, goog:chromeOptions: {debuggerAddress: localhost:39449}, networkConnectionEnabled: false, pageLoadStrategy: normal, platformName: linux, proxy: Proxy(), se:bidiEnabled: false, se:cdp: ws://172.18.0.3:4444/sessio..., se:cdpVersion: 114.0.5735.133, se:vnc: ws://172.18.0.3:4444/sessio..., se:vncEnabled: true, se:vncLocalAddress: ws://172.18.0.3:7900, setWindowRect: true, strictFileInteractability: false, timeouts: {implicit: 0, pageLoad: 300000, script: 30000}, unhandledPromptBehavior: dismiss and notify, webauthn:extension:credBlob: true, webauthn:extension:largeBlob: true, webauthn:extension:minPinLength: true, webauthn:extension:prf: true, webauthn:virtualAuthenticators: true}\nSession ID: 7b227499ddb16f9c8f5e34378faf1eee","statusTrace":"org.openqa.selenium.TimeoutException: Expected condition failed: waiting for element to be clickable: By.cssSelector: vaadin-button#action (tried for 20 second(s) with 500 milliseconds interval)\nBuild info: version: '4.37.0', revision: '3c1da1e342'\nSystem info: os.name: 'Linux', os.arch: 'amd64', os.version: '6.11.0-1018-azure', java.version: '17.0.17'\nDriver info: net.bytebuddy.renamed.java.lang.Object$ByteBuddy$QmsAdSqe\nCapabilities {acceptInsecureCerts: false, browserName: chrome, browserVersion: 114.0.5735.133, chrome: {chromedriverVersion: 114.0.5735.90 (386bc09e8f4f..., userDataDir: /tmp/.com.google.Chrome.sQi6s8}, goog:chromeOptions: {debuggerAddress: localhost:39449}, networkConnectionEnabled: false, pageLoadStrategy: normal, platformName: linux, proxy: Proxy(), se:bidiEnabled: false, se:cdp: ws://172.18.0.3:4444/sessio..., se:cdpVersion: 114.0.5735.133, se:vnc: ws://172.18.0.3:4444/sessio..., se:vncEnabled: true, se:vncLocalAddress: ws://172.18.0.3:7900, setWindowRect: true, strictFileInteractability: false, timeouts: {implicit: 0, pageLoad: 300000, script: 30000}, unhandledPromptBehavior: dismiss and notify, webauthn:extension:credBlob: true, webauthn:extension:largeBlob: true, webauthn:extension:minPinLength: true, webauthn:extension:prf: true, webauthn:virtualAuthenticators: true}\nSession ID: 7b227499ddb16f9c8f5e34378faf1eee\n\tat org.openqa.selenium.support.ui.WebDriverWait.timeoutException(WebDriverWait.java:84)\n\tat org.openqa.selenium.support.ui.FluentWait.until(FluentWait.java:228)\n\tat io.cyborgcode.ui.complex.test.framework.ui.functions.SharedUiFunctions.waitToBeClickable(SharedUiFunctions.java:88)\n\tat io.cyborgcode.ui.complex.test.framework.ui.functions.SharedUi.lambda$asConsumer$2(SharedUi.java:49)\n\tat io.cyborgcode.roa.ui.service.fluent.ButtonServiceFluent.validateIsVisible(ButtonServiceFluent.java:199)\n\tat io.cyborgcode.roa.ui.service.fluent.ButtonServiceFluent.validateIsVisible(ButtonServiceFluent.java:180)\n\tat io.cyborgcode.ui.complex.test.framework.service.CustomService.login(CustomService.java:69)\n\tat io.cyborgcode.ui.complex.test.framework.AdvancedFeaturesTest.storageFeatureUsingDataFromFluentSteps(AdvancedFeaturesTest.java:161)\n\tSuppressed: org.openqa.selenium.NoSuchSessionException: Session ID is null. Using WebDriver after calling quit()?\nBuild info: version: '4.37.0', revision: '3c1da1e342'\nSystem info: os.name: 'Linux', os.arch: 'amd64', os.version: '6.11.0-1018-azure', java.version: '17.0.17'\nDriver info: org.openqa.selenium.remote.RemoteWebDriver\nCommand: [null, close {}]\nCapabilities {acceptInsecureCerts: false, browserName: chrome, browserVersion: 114.0.5735.133, chrome: {chromedriverVersion: 114.0.5735.90 (386bc09e8f4f..., userDataDir: /tmp/.com.google.Chrome.sQi6s8}, goog:chromeOptions: {debuggerAddress: localhost:39449}, networkConnectionEnabled: false, pageLoadStrategy: normal, platformName: linux, proxy: Proxy(), se:bidiEnabled: false, se:cdp: ws://172.18.0.3:4444/sessio..., se:cdpVersion: 114.0.5735.133, se:vnc: ws://172.18.0.3:4444/sessio..., se:vncEnabled: true, se:vncLocalAddress: ws://172.18.0.3:7900, setWindowRect: true, strictFileInteractability: false, timeouts: {implicit: 0, pageLoad: 300000, script: 30000}, unhandledPromptBehavior: dismiss and notify, webauthn:extension:credBlob: true, webauthn:extension:largeBlob: true, webauthn:extension:minPinLength: true, webauthn:extension:prf: true, webauthn:virtualAuthenticators: true}\n\t\tat org.openqa.selenium.remote.HttpCommandExecutor.execute(HttpCommandExecutor.java:176)\n\t\tat org.openqa.selenium.remote.TracedCommandExecutor.execute(TracedCommandExecutor.java:53)\n\t\tat org.openqa.selenium.remote.RemoteWebDriver.execute(RemoteWebDriver.java:557)\n\t\tat org.openqa.selenium.remote.RemoteWebDriver.execute(RemoteWebDriver.java:634)\n\t\tat org.openqa.selenium.remote.RemoteWebDriver.execute(RemoteWebDriver.java:638)\n\t\tat org.openqa.selenium.remote.RemoteWebDriver.close(RemoteWebDriver.java:430)\n\t\tat java.base/java.lang.reflect.Method.invoke(Method.java:569)\n\t\tat org.openqa.selenium.support.decorators.WebDriverDecorator.call(WebDriverDecorator.java:315)\n\t\tat org.openqa.selenium.support.decorators.DefaultDecorated.call(DefaultDecorated.java:48)\n\t\tat org.openqa.selenium.support.decorators.WebDriverDecorator.lambda$createProxyFactory$3(WebDriverDecorator.java:405)\n\t\tat net.bytebuddy.renamed.java.lang.Object$ByteBuddy$QmsAdSqe.close(Unknown Source)\n\t\tat io.cyborgcode.roa.ui.extensions.UiTestExtension.afterTestExecution(UiTestExtension.java:316)\n\t\tat java.base/java.util.concurrent.ForkJoinTask.doExec(ForkJoinTask.java:373)\n\t\tat java.base/java.util.concurrent.ForkJoinPool$WorkQueue.topLevelExec(ForkJoinPool.java:1182)\n\t\tat java.base/java.util.concurrent.ForkJoinPool.scan(ForkJoinPool.java:1655)\n\t\tat java.base/java.util.concurrent.ForkJoinPool.runWorker(ForkJoinPool.java:1622)\n\t\tat java.base/java.util.concurrent.ForkJoinWorkerThread.run(ForkJoinWorkerThread.java:165)\n","steps":[{"name":"Test Execution","time":{"start":1769628599883,"stop":1769628621524,"duration":21641},"status":"unknown","steps":[{"name":"[UI - Navigation] Navigate to the URL and maximize the browser window","time":{"start":1769628599886,"stop":1769628599886,"duration":0},"status":"passed","steps":[],"attachments":[],"parameters":[],"shouldDisplayMessage":false,"stepsCount":0,"attachmentsCount":0,"hasContent":false,"attachmentStep":false},{"name":"[UI - Input] Insert value 'admin@vaadin.com' into input element: USERNAME_FIELD","time":{"start":1769628600306,"stop":1769628600306,"duration":0},"status":"passed","steps":[],"attachments":[],"parameters":[],"shouldDisplayMessage":false,"stepsCount":0,"attachmentsCount":0,"hasContent":false,"attachmentStep":false},{"name":"[UI - Input] Insert value 'admin' into input element: PASSWORD_FIELD","time":{"start":1769628600661,"stop":1769628600661,"duration":0},"status":"passed","steps":[],"attachments":[],"parameters":[],"shouldDisplayMessage":false,"stepsCount":0,"attachmentsCount":0,"hasContent":false,"attachmentStep":false},{"name":"[UI - Button] Clicking button with componentType: VA_BUTTON_TYPE, locator: By.tagName: vaadin-button","time":{"start":1769628600809,"stop":1769628600809,"duration":0},"status":"passed","steps":[],"attachments":[],"parameters":[],"shouldDisplayMessage":false,"stepsCount":0,"attachmentsCount":0,"hasContent":false,"attachmentStep":false},{"name":"[UI - Button] Validating if button is visible/hidden with componentType: VA_BUTTON_TYPE, locator: By.cssSelector: vaadin-button#action","time":{"start":1769628601306,"stop":1769628601306,"duration":0},"status":"passed","steps":[],"attachments":[],"parameters":[],"shouldDisplayMessage":false,"stepsCount":0,"attachmentsCount":0,"hasContent":false,"attachmentStep":false}],"attachments":[],"parameters":[],"shouldDisplayMessage":false,"stepsCount":5,"attachmentsCount":0,"hasContent":true,"attachmentStep":false},{"name":"Tear Down","time":{"start":1769628621524,"stop":1769628621802,"duration":278},"status":"unknown","steps":[],"attachments":[{"uid":"bdd3771800caf770","name":"storageFeatureUsingDataFromFluentSteps(Quest, Seller)","source":"bdd3771800caf770.png","type":"image/png","size":473121},{"uid":"f978f6e7fc6ecb96","name":"Filtered Logs for Test: AdvancedFeaturesTest.storageFeatureUsingDataFromFluentSteps","source":"f978f6e7fc6ecb96.log","type":"text/plain","size":3085}],"parameters":[],"shouldDisplayMessage":false,"stepsCount":0,"attachmentsCount":2,"hasContent":true,"attachmentStep":false}],"attachments":[],"parameters":[],"shouldDisplayMessage":true,"stepsCount":7,"attachmentsCount":2,"hasContent":true,"attachmentStep":false},"afterStages":[{"name":"afterAll","time":{"start":1769628641470,"stop":1769628641470,"duration":0},"status":"passed","steps":[],"attachments":[],"parameters":[],"shouldDisplayMessage":false,"stepsCount":0,"attachmentsCount":0,"hasContent":false,"attachmentStep":false}],"labels":[{"name":"tag","value":"Smoke"},{"name":"tag","value":"Regression"},{"name":"tag","value":"exclude-from-verify"},{"name":"junit.platform.uniqueid","value":"[engine:junit-jupiter]/[class:io.cyborgcode.ui.complex.test.framework.AdvancedFeaturesTest]/[method:storageFeatureUsingDataFromFluentSteps(io.cyborgcode.roa.framework.quest.Quest, io.cyborgcode.ui.complex.test.framework.ui.model.Seller)]"},{"name":"host","value":"runnervmymu0l"},{"name":"thread","value":"4004@runnervmymu0l.ForkJoinPool-1-worker-1(17)"},{"name":"framework","value":"junit-platform"},{"name":"language","value":"java"},{"name":"package","value":"io.cyborgcode.ui.complex.test.framework.AdvancedFeaturesTest"},{"name":"testClass","value":"io.cyborgcode.ui.complex.test.framework.AdvancedFeaturesTest"},{"name":"testMethod","value":"storageFeatureUsingDataFromFluentSteps"},{"name":"suite","value":"Advanced Features usage examples"},{"name":"resultFormat","value":"allure2"}],"parameters":[],"links":[],"hidden":false,"retry":false,"extra":{"severity":"normal","retries":[],"categories":[{"name":"Timing-Related Issues","traceRegex":".*(StaleElementReferenceException|TimeoutException|ElementClickInterceptedException).*","matchedStatuses":["failed","broken"],"flaky":false}],"tags":["Regression","exclude-from-verify","Smoke"]},"source":"baca7173de0778.json","parameterValues":[]}