GROUP,PACKAGE,CLASS,INSTRUCTION_MISSED,INSTRUCTION_COVERED,BRANCH_MISSED,BRANCH_COVERED,LINE_MISSED,LINE_COVERED,COMPLEXITY_MISSED,COMPLEXITY_COVERED,METHOD_MISSED,METHOD_COVERED
Ring of Automation Assertion Library,io.cyborgcode.roa.validator.util,AssertionUtil,0,127,0,16,0,31,0,13,0,5
Ring of Automation Assertion Library,io.cyborgcode.roa.validator.functions,AssertionFunctions,0,406,0,104,0,68,0,73,0,21
Ring of Automation Assertion Library,io.cyborgcode.roa.validator.core,Assertion,0,55,0,8,0,17,0,5,0,1
Ring of Automation Assertion Library,io.cyborgcode.roa.validator.core,AssertionResult,0,43,0,2,0,3,0,2,0,1
Ring of Automation Assertion Library,io.cyborgcode.roa.validator.core,AssertionTypes,0,149,0,0,0,25,0,4,0,4
Ring of Automation Assertion Library,io.cyborgcode.roa.validator.registry,AssertionRegistry,0,135,0,2,0,30,0,4,0,3
