<?xml version="1.0" encoding="UTF-8"?>
<testsuite xmlns:xsi="http://www.w3.org/2001/XMLSchema-instance" xsi:noNamespaceSchemaLocation="https://maven.apache.org/surefire/maven-surefire-plugin/xsd/surefire-test-report.xsd" version="3.0.2" name="io.cyborgcode.roa.validator.core.AssertionTest" time="0.541" tests="32" errors="0" skipped="0" failures="0">
  <properties>
[...]
</properties>
  <testcase name="testKeySetter" classname="io.cyborgcode.roa.validator.core.AssertionTest" time="0.013"/>
  <testcase name="testBuilderWithDefaultSoft" classname="io.cyborgcode.roa.validator.core.AssertionTest" time="0.004"/>
  <testcase name="testBuilderThrowsExceptionWhenNullValueForType" classname="io.cyborgcode.roa.validator.core.AssertionTest" time="0.004"/>
  <testcase name="testWithDifferentTypes(AssertionTypes)[1]" classname="io.cyborgcode.roa.validator.core.AssertionTest" time="0.046"/>
  <testcase name="testWithDifferentTypes(AssertionTypes)[2]" classname="io.cyborgcode.roa.validator.core.AssertionTest" time="0.003"/>
  <testcase name="testWithDifferentTypes(AssertionTypes)[3]" classname="io.cyborgcode.roa.validator.core.AssertionTest" time="0.002"/>
  <testcase name="testWithDifferentTypes(AssertionTypes)[4]" classname="io.cyborgcode.roa.validator.core.AssertionTest" time="0.027"/>
  <testcase name="testWithDifferentTypes(AssertionTypes)[5]" classname="io.cyborgcode.roa.validator.core.AssertionTest" time="0.002"/>
  <testcase name="testWithDifferentTypes(AssertionTypes)[6]" classname="io.cyborgcode.roa.validator.core.AssertionTest" time="0.003"/>
  <testcase name="testWithDifferentTypes(AssertionTypes)[7]" classname="io.cyborgcode.roa.validator.core.AssertionTest" time="0.004"/>
  <testcase name="testWithDifferentTypes(AssertionTypes)[8]" classname="io.cyborgcode.roa.validator.core.AssertionTest" time="0.007"/>
  <testcase name="testWithDifferentTypes(AssertionTypes)[9]" classname="io.cyborgcode.roa.validator.core.AssertionTest" time="0.003"/>
  <testcase name="testWithDifferentTypes(AssertionTypes)[10]" classname="io.cyborgcode.roa.validator.core.AssertionTest" time="0.002"/>
  <testcase name="testWithDifferentTypes(AssertionTypes)[11]" classname="io.cyborgcode.roa.validator.core.AssertionTest" time="0.002"/>
  <testcase name="testWithDifferentTypes(AssertionTypes)[12]" classname="io.cyborgcode.roa.validator.core.AssertionTest" time="0.002"/>
  <testcase name="testWithDifferentTypes(AssertionTypes)[13]" classname="io.cyborgcode.roa.validator.core.AssertionTest" time="0.002"/>
  <testcase name="testWithDifferentTypes(AssertionTypes)[14]" classname="io.cyborgcode.roa.validator.core.AssertionTest" time="0.002"/>
  <testcase name="testWithDifferentTypes(AssertionTypes)[15]" classname="io.cyborgcode.roa.validator.core.AssertionTest" time="0.006"/>
  <testcase name="testWithDifferentTypes(AssertionTypes)[16]" classname="io.cyborgcode.roa.validator.core.AssertionTest" time="0.003"/>
  <testcase name="testWithDifferentTypes(AssertionTypes)[17]" classname="io.cyborgcode.roa.validator.core.AssertionTest" time="0.004"/>
  <testcase name="testWithDifferentTypes(AssertionTypes)[18]" classname="io.cyborgcode.roa.validator.core.AssertionTest" time="0.004"/>
  <testcase name="testWithDifferentTypes(AssertionTypes)[19]" classname="io.cyborgcode.roa.validator.core.AssertionTest" time="0.01"/>
  <testcase name="testBuilderThrowsExceptionWhenNullValueForTarget" classname="io.cyborgcode.roa.validator.core.AssertionTest" time="0.007"/>
  <testcase name="testBuilderThrowsExceptionWhenTargetAndExpectedAreNull" classname="io.cyborgcode.roa.validator.core.AssertionTest" time="0.002"/>
  <testcase name="testBuilderWithNullKey" classname="io.cyborgcode.roa.validator.core.AssertionTest" time="0.001"/>
  <testcase name="testBuilderWithNullType" classname="io.cyborgcode.roa.validator.core.AssertionTest" time="0.001"/>
  <testcase name="testBuilderThrowsExceptionWhenAllRequiredFieldsAreNull" classname="io.cyborgcode.roa.validator.core.AssertionTest" time="0.002"/>
  <testcase name="testKeySetterWithNull" classname="io.cyborgcode.roa.validator.core.AssertionTest" time="0.004"/>
  <testcase name="testBuilderAllFields" classname="io.cyborgcode.roa.validator.core.AssertionTest" time="0.005"/>
  <testcase name="testBuilderThrowsExceptionWhenTargetAndTypeAreNull" classname="io.cyborgcode.roa.validator.core.AssertionTest" time="0.01"/>
  <testcase name="testBuilderThrowsExceptionWhenTypeAndExpectedAreNull" classname="io.cyborgcode.roa.validator.core.AssertionTest" time="0.003"/>
  <testcase name="testBuilderThrowsExceptionWhenNullValueForExpected" classname="io.cyborgcode.roa.validator.core.AssertionTest" time="0.004"/>
</testsuite>