<?xml version="1.0" encoding="UTF-8"?>
<testsuite xmlns:xsi="http://www.w3.org/2001/XMLSchema-instance" xsi:noNamespaceSchemaLocation="https://maven.apache.org/surefire/maven-surefire-plugin/xsd/surefire-test-report.xsd" version="3.0.2" name="io.cyborgcode.roa.validator.functions.AssertionFunctionsTest" time="0.348" tests="0" errors="0" skipped="0" failures="0">
  <properties>
[...]
</properties>
  <testcase name="testAllNotNull" classname="allNotNull tests" time="0.019"/>
  <testcase name="testAllNull" classname="allNull tests" time="0.006"/>
  <testcase name="testContainsAll_WithNulls" classname="containsAll tests" time="0.003"/>
  <testcase name="testContainsAll" classname="containsAll tests" time="0.005"/>
  <testcase name="testEqualsIgnoreCase" classname="equalsIgnoreCase tests" time="0.005"/>
  <testcase name="testEqualsIgnoreCase_WithNulls" classname="equalsIgnoreCase tests" time="0.003"/>
  <testcase name="testNotEquals_Positive" classname="notEquals tests" time="0.004"/>
  <testcase name="testNotEquals_Negative" classname="notEquals tests" time="0.002"/>
  <testcase name="testStartsWith_WithNulls" classname="startsWith tests" time="0.004"/>
  <testcase name="testStartsWith" classname="startsWith tests" time="0.012"/>
  <testcase name="testContains_Positive" classname="contains tests" time="0.003"/>
  <testcase name="testContains_Negative" classname="contains tests" time="0.003"/>
  <testcase name="testLength_Invalid" classname="length tests" time="0.004"/>
  <testcase name="testLength" classname="length tests" time="0.004"/>
  <testcase name="testIsCollectionIndirectly" classname="private utility methods" time="0.003"/>
  <testcase name="testIsNumberIndirectly" classname="private utility methods" time="0.002"/>
  <testcase name="testIsNull" classname="isNull tests" time="0.005"/>
  <testcase name="testBetween" classname="between tests" time="0.004"/>
  <testcase name="testBetween_MixedTypes" classname="between tests" time="0.002"/>
  <testcase name="testBetween_Invalid" classname="between tests" time="0.006"/>
  <testcase name="testMatchesRegex_Invalid" classname="matchesRegex tests" time="0.002"/>
  <testcase name="testMatchesRegex" classname="matchesRegex tests" time="0.003"/>
  <testcase name="testContainsAny_WithNulls" classname="containsAny tests" time="0.002"/>
  <testcase name="testContainsAny" classname="containsAny tests" time="0.005"/>
  <testcase name="testLessThan" classname="lessThan tests" time="0.006"/>
  <testcase name="testLessThan_Invalid" classname="lessThan tests" time="0.007"/>
  <testcase name="testGreaterThan_Invalid" classname="greaterThan tests" time="0.007"/>
  <testcase name="testGreaterThan" classname="greaterThan tests" time="0.007"/>
  <testcase name="testEndsWith" classname="endsWith tests" time="0.004"/>
  <testcase name="testEndsWith_WithNulls" classname="endsWith tests" time="0.005"/>
  <testcase name="testEquals_Positive" classname="equals tests" time="0.002"/>
  <testcase name="testEquals_Negative" classname="equals tests" time="0.003"/>
  <testcase name="testIsNotEmpty" classname="isNotEmpty tests" time="0.002"/>
  <testcase name="testIsNotEmpty_Invalid" classname="isNotEmpty tests" time="0.002"/>
  <testcase name="testIsEmpty_Invalid" classname="isEmpty tests" time="0.007"/>
  <testcase name="testIsEmpty" classname="isEmpty tests" time="0.003"/>
  <testcase name="testNotNull" classname="notNull tests" time="0.003"/>
</testsuite>