GROUP,PACKAGE,CLASS,INSTRUCTION_MISSED,INSTRUCTION_COVERED,BRANCH_MISSED,BRANCH_COVERED,LINE_MISSED,LINE_COVERED,COMPLEXITY_MISSED,COMPLEXITY_COVERED,METHOD_MISSED,METHOD_COVERED
Ring of Automation Database Test Framework,io.cyborgcode.roa.db.extensions,DbTestExtension,0,14,0,0,0,5,0,2,0,2
Ring of Automation Database Test Framework,io.cyborgcode.roa.db.extensions,DbHookExtension,0,150,0,6,0,32,0,13,0,10
Ring of Automation Database Test Framework,io.cyborgcode.roa.db.allure,AllureDbClientManager,0,11,0,0,0,3,0,2,0,2
Ring of Automation Database Test Framework,io.cyborgcode.roa.db.allure,QueryResponseValidatorAllureImpl,0,19,0,0,0,6,0,3,0,3
Ring of Automation Database Test Framework,io.cyborgcode.roa.db.allure,RelationalDbClientAllure,0,68,0,6,0,16,0,8,0,5
Ring of Automation Database Test Framework,io.cyborgcode.roa.db.storage,StorageKeysDb,0,9,0,0,0,2,0,1,0,1
Ring of Automation Database Test Framework,io.cyborgcode.roa.db.config,DbTestFrameworkAutoConfiguration,0,7,0,0,0,3,0,3,0,3
Ring of Automation Database Test Framework,io.cyborgcode.roa.db.service.fluent,DatabaseServiceFluent,0,92,0,0,0,19,0,9,0,9
Ring of Automation Database Test Framework,io.cyborgcode.roa.db.retry,RetryConditionDb,0,49,0,2,0,9,0,6,0,5
