{"uuid":"8c7b1d59-1b5e-4a62-ace4-f0ae91cfbae0","historyId":"b117d6b34ddd219fdde5e29b262ad473","testCaseId":"[engine:junit-jupiter]/[class:io.cyborgcode.roa.framework.assertion.CustomSoftAssertionTest]/[method:testCollectAssertionError_DoesNotExecuteHandlerIfCheckerFails()]","testCaseName":"Should not execute handler when error checker returns false","fullName":"io.cyborgcode.roa.framework.assertion.CustomSoftAssertionTest.testCollectAssertionError_DoesNotExecuteHandlerIfCheckerFails","labels":[{"name":"junit.platform.uniqueid","value":"[engine:junit-jupiter]/[class:io.cyborgcode.roa.framework.assertion.CustomSoftAssertionTest]/[method:testCollectAssertionError_DoesNotExecuteHandlerIfCheckerFails()]"},{"name":"host","value":"DESKTOP-4TIJ8R7"},{"name":"thread","value":"18032@DESKTOP-4TIJ8R7.main(1)"},{"name":"framework","value":"junit-platform"},{"name":"language","value":"java"},{"name":"package","value":"io.cyborgcode.roa.framework.assertion.CustomSoftAssertionTest"},{"name":"testClass","value":"io.cyborgcode.roa.framework.assertion.CustomSoftAssertionTest"},{"name":"testMethod","value":"testCollectAssertionError_DoesNotExecuteHandlerIfCheckerFails"},{"name":"suite","value":"CustomSoftAssertion Tests"}],"links":[],"name":"Should not execute handler when error checker returns false","status":"passed","stage":"finished","description":"","steps":[],"attachments":[],"parameters":[],"start":1769887262543,"stop":1769887262570}