{"uuid":"9094da31-e20b-451d-9bb5-df6db2a1cac8","historyId":"86523c994e99d5d0a507177fcc187792","testCaseId":"[engine:junit-jupiter]/[class:io.cyborgcode.roa.framework.assertion.CustomSoftAssertionTest]/[method:testCollectAssertionError_ExecutesHandler()]","testCaseName":"Should execute handler when assertion error is collected","fullName":"io.cyborgcode.roa.framework.assertion.CustomSoftAssertionTest.testCollectAssertionError_ExecutesHandler","labels":[{"name":"junit.platform.uniqueid","value":"[engine:junit-jupiter]/[class:io.cyborgcode.roa.framework.assertion.CustomSoftAssertionTest]/[method:testCollectAssertionError_ExecutesHandler()]"},{"name":"host","value":"DESKTOP-4TIJ8R7"},{"name":"thread","value":"18032@DESKTOP-4TIJ8R7.main(1)"},{"name":"framework","value":"junit-platform"},{"name":"language","value":"java"},{"name":"package","value":"io.cyborgcode.roa.framework.assertion.CustomSoftAssertionTest"},{"name":"testClass","value":"io.cyborgcode.roa.framework.assertion.CustomSoftAssertionTest"},{"name":"testMethod","value":"testCollectAssertionError_ExecutesHandler"},{"name":"suite","value":"CustomSoftAssertion Tests"}],"links":[],"name":"Should execute handler when assertion error is collected","status":"passed","stage":"finished","description":"","steps":[],"attachments":[],"parameters":[],"start":1769887262949,"stop":1769887262959}