{"uuid":"91d1b45f-c84a-406d-be57-cb73c57dc848","historyId":"9deee4ab9e80c10afffc92b66f9faa3c","testCaseId":"[engine:junit-jupiter]/[class:io.cyborgcode.roa.framework.assertion.CustomSoftAssertionTest]/[method:testCollectAssertionError_DoesNotExecuteHandlerIfNoMatchingObject()]","testCaseName":"Should not execute handler when no matching object is registered","fullName":"io.cyborgcode.roa.framework.assertion.CustomSoftAssertionTest.testCollectAssertionError_DoesNotExecuteHandlerIfNoMatchingObject","labels":[{"name":"junit.platform.uniqueid","value":"[engine:junit-jupiter]/[class:io.cyborgcode.roa.framework.assertion.CustomSoftAssertionTest]/[method:testCollectAssertionError_DoesNotExecuteHandlerIfNoMatchingObject()]"},{"name":"host","value":"DESKTOP-4TIJ8R7"},{"name":"thread","value":"18032@DESKTOP-4TIJ8R7.main(1)"},{"name":"framework","value":"junit-platform"},{"name":"language","value":"java"},{"name":"package","value":"io.cyborgcode.roa.framework.assertion.CustomSoftAssertionTest"},{"name":"testClass","value":"io.cyborgcode.roa.framework.assertion.CustomSoftAssertionTest"},{"name":"testMethod","value":"testCollectAssertionError_DoesNotExecuteHandlerIfNoMatchingObject"},{"name":"suite","value":"CustomSoftAssertion Tests"}],"links":[],"name":"Should not execute handler when no matching object is registered","status":"passed","stage":"finished","description":"","steps":[],"attachments":[],"parameters":[],"start":1769887263060,"stop":1769887263077}