{"uuid":"9fb1cb37-df17-44f4-b856-d4a55597e531","historyId":"86523c994e99d5d0a507177fcc187792","testCaseId":"[engine:junit-jupiter]/[class:io.cyborgcode.roa.framework.assertion.CustomSoftAssertionTest]/[method:testCollectAssertionError_ExecutesHandler()]","testCaseName":"Should execute handler when assertion error is collected","fullName":"io.cyborgcode.roa.framework.assertion.CustomSoftAssertionTest.testCollectAssertionError_ExecutesHandler","labels":[{"name":"junit.platform.uniqueid","value":"[engine:junit-jupiter]/[class:io.cyborgcode.roa.framework.assertion.CustomSoftAssertionTest]/[method:testCollectAssertionError_ExecutesHandler()]"},{"name":"host","value":"DESKTOP-4TIJ8R7"},{"name":"thread","value":"26860@DESKTOP-4TIJ8R7.main(1)"},{"name":"framework","value":"junit-platform"},{"name":"language","value":"java"},{"name":"package","value":"io.cyborgcode.roa.framework.assertion.CustomSoftAssertionTest"},{"name":"testClass","value":"io.cyborgcode.roa.framework.assertion.CustomSoftAssertionTest"},{"name":"testMethod","value":"testCollectAssertionError_ExecutesHandler"},{"name":"suite","value":"CustomSoftAssertion Tests"}],"links":[],"name":"Should execute handler when assertion error is collected","status":"passed","stage":"finished","description":"","steps":[],"attachments":[],"parameters":[],"start":1770236440186,"stop":1770236440205}