{"uuid":"b593d163-cc37-4ae1-b795-b84a2cce8215","historyId":"2bbd7e91ef1e01bc1a61745ddd35ad96","testCaseId":"[engine:junit-jupiter]/[class:io.cyborgcode.roa.framework.assertion.CustomSoftAssertionTest]/[method:testCollectAssertionError_shouldStoreErrorInParentCollector()]","testCaseName":"Should call super.collectAssertionError to accumulate assertions","fullName":"io.cyborgcode.roa.framework.assertion.CustomSoftAssertionTest.testCollectAssertionError_shouldStoreErrorInParentCollector","labels":[{"name":"junit.platform.uniqueid","value":"[engine:junit-jupiter]/[class:io.cyborgcode.roa.framework.assertion.CustomSoftAssertionTest]/[method:testCollectAssertionError_shouldStoreErrorInParentCollector()]"},{"name":"host","value":"DESKTOP-4TIJ8R7"},{"name":"thread","value":"26860@DESKTOP-4TIJ8R7.main(1)"},{"name":"framework","value":"junit-platform"},{"name":"language","value":"java"},{"name":"package","value":"io.cyborgcode.roa.framework.assertion.CustomSoftAssertionTest"},{"name":"testClass","value":"io.cyborgcode.roa.framework.assertion.CustomSoftAssertionTest"},{"name":"testMethod","value":"testCollectAssertionError_shouldStoreErrorInParentCollector"},{"name":"suite","value":"CustomSoftAssertion Tests"}],"links":[],"name":"Should call super.collectAssertionError to accumulate assertions","status":"passed","stage":"finished","description":"","steps":[],"attachments":[],"parameters":[],"start":1770236439101,"stop":1770236439753}