{"uuid":"e60e2288-848f-4f40-8f26-7bfc8de2f6ea","historyId":"2bbd7e91ef1e01bc1a61745ddd35ad96","testCaseId":"[engine:junit-jupiter]/[class:io.cyborgcode.roa.framework.assertion.CustomSoftAssertionTest]/[method:testCollectAssertionError_shouldStoreErrorInParentCollector()]","testCaseName":"Should call super.collectAssertionError to accumulate assertions","fullName":"io.cyborgcode.roa.framework.assertion.CustomSoftAssertionTest.testCollectAssertionError_shouldStoreErrorInParentCollector","labels":[{"name":"junit.platform.uniqueid","value":"[engine:junit-jupiter]/[class:io.cyborgcode.roa.framework.assertion.CustomSoftAssertionTest]/[method:testCollectAssertionError_shouldStoreErrorInParentCollector()]"},{"name":"host","value":"DESKTOP-4TIJ8R7"},{"name":"thread","value":"18032@DESKTOP-4TIJ8R7.main(1)"},{"name":"framework","value":"junit-platform"},{"name":"language","value":"java"},{"name":"package","value":"io.cyborgcode.roa.framework.assertion.CustomSoftAssertionTest"},{"name":"testClass","value":"io.cyborgcode.roa.framework.assertion.CustomSoftAssertionTest"},{"name":"testMethod","value":"testCollectAssertionError_shouldStoreErrorInParentCollector"},{"name":"suite","value":"CustomSoftAssertion Tests"}],"links":[],"name":"Should call super.collectAssertionError to accumulate assertions","status":"passed","stage":"finished","description":"","steps":[],"attachments":[],"parameters":[],"start":1769887261715,"stop":1769887262288}