{"uid":"27c1e892ab3be3d6","name":"staticTestDataFeatureUsingDataFromStorage(Quest)","fullName":"io.cyborgcode.ui.complex.test.framework.AdvancedFeaturesTest.staticTestDataFeatureUsingDataFromStorage","historyId":"7eabce7715a555a6ca260e21ed19014d","time":{"start":1769893187884,"stop":1769893222375,"duration":34491},"description":"Static Data with Storage feature: Retrieve storage data preloaded as static data before test execution","descriptionHtml":"<div style='margin: 20px;'><style>\n  .metadata-container { margin: 20px 0; }\n  .metadata-toggle {\n      background-color: #2c3e50;\n      color: white;\n      padding: 8px 12px;\n      cursor: pointer;\n      border: none;\n      border-radius: 4px;\n      font-size: 13px;\n      display: inline-flex;\n      align-items: center;\n      gap: 8px;\n      width: 150px;\n  }\n  .metadata-toggle:hover { background-color: #34495e; }\n  .metadata-toggle::before {\n      content: '▶';\n      display: inline-block;\n      transition: transform 0.3s;\n  }\n  details[open] .metadata-toggle::before { transform: rotate(90deg); }\n  .metadata-content { display: none; margin-top: 10px; }\n  details[open] .metadata-content { display: block; }\n  .metadata-table {\n      border-collapse: collapse;\n      width: 100%;\n      margin-top: 10px;\n      box-shadow: 0 4px 15px rgba(0, 0, 0, 0.1);\n  }\n  .metadata-table th {\n      background-color: #2c3e50;\n      color: white;\n      text-transform: uppercase;\n      font-size: 14px;\n      padding: 15px;\n      text-align: left;\n  }\n  .metadata-table td {\n      padding: 12px 15px;\n      border-bottom: 1px solid #ecf0f1;\n      font-size: 14px;\n      background-color: white;\n  }\n  .metadata-table tr:nth-child(even) td { background-color: #f8f9fa; }\n  .metadata-table tr:hover td { background-color: #f1f4f6; }\n  .annotation { display: block; margin: 5px 0; padding: 8px 12px; background-color: #f7f9fc; border-left: 3px solid #3498db; border-radius: 3px; }\n  .test-arguments { word-break: break-word; max-width: 600px; line-height: 1.5; }\n</style>\n\n<details class=\"metadata-container\">\n  <summary class=\"metadata-toggle\">Test Details</summary>\n  <div class=\"metadata-content\">\n    <table class=\"metadata-table\">\n      <tr><th style=\"width: 30%\">Property</th><th>Value</th></tr>\n      <tr><td>Test Name</td><td>staticTestDataFeatureUsingDataFromStorage</td></tr>\n      <tr><td>Class Name</td><td>AdvancedFeaturesTest</td></tr>\n      <tr><td>Class Annotations</td><td><pre class='annotation'>@SpringBootTest(,\n     args=,\n     classes=class io.cyborgcode.roa.framework.config.TestConfig,\n     properties=,\n     webEnvironment=NONE)\n@Tag(exclude-from-verify)\n@TestInstance(PER_CLASS)\n@DirtiesContext\n@UI\n@DB\n@API\n@DbHook(type=INITIALIZE_H2,\n     arguments=,\n     when=BEFORE)\n@DisplayName(Advanced Features usage examples)\n</pre></td></tr>\n      <tr><td>Method Annotations</td><td><pre class='annotation'>@Test\n@Smoke\n@Regression\n@Description(\"Static Data with Storage feature: Retrieve storage data preloaded as static data before test execution\")\n@Journey(LOGIN_DEFAULT_PRECONDITION,\n     journeyData=)\n@StaticTestData(class io.cyborgcode.ui.complex.test.framework.data.test_data.StaticData)\n</pre></td></tr>\n      <tr><td>Test Arguments</td><td class=\"test-arguments\">Quest</td></tr>\n    </table>\n  </div>\n</details></div>","status":"failed","statusMessage":"[✘ Validation failed: IS (Expected: 200, Actual: 302)] \nExpecting value to be true but was false","statusTrace":"org.opentest4j.AssertionFailedError: [✘ Validation failed: IS (Expected: 200, Actual: 302)] \nExpecting value to be true but was false\n\tat io.cyborgcode.roa.framework.chain.FluentService.lambda$validation$1(FluentService.java:91)\n\tat java.base/java.lang.Iterable.forEach(Iterable.java:75)\n\tat io.cyborgcode.roa.framework.chain.FluentService.validation(FluentService.java:77)\n\tat io.cyborgcode.roa.api.service.fluent.RestServiceFluent.validateResponse(RestServiceFluent.java:80)\n\tat io.cyborgcode.roa.api.service.fluent.RestServiceFluent.requestAndValidate(RestServiceFluent.java:94)\n\tat io.cyborgcode.ui.complex.test.framework.preconditions.PreconditionFunctions.loginUserAndValidate(PreconditionFunctions.java:88)\n\tat io.cyborgcode.ui.complex.test.framework.preconditions.PreconditionFunctions.loginDefaultUser(PreconditionFunctions.java:49)\n\tat io.cyborgcode.ui.complex.test.framework.preconditions.Preconditions.lambda$static$4(Preconditions.java:42)\n\tat io.cyborgcode.roa.framework.extension.Initiator.processPreQuest(Initiator.java:122)\n\tat io.cyborgcode.roa.framework.extension.Initiator.lambda$interceptTestMethod$0(Initiator.java:75)\n\tat java.base/java.lang.Iterable.forEach(Iterable.java:75)\n\tat io.cyborgcode.roa.framework.extension.Initiator.interceptTestMethod(Initiator.java:75)\n\tat java.base/java.util.concurrent.ForkJoinTask.doExec(ForkJoinTask.java:373)\n\tat java.base/java.util.concurrent.ForkJoinPool$WorkQueue.topLevelExec(ForkJoinPool.java:1182)\n\tat java.base/java.util.concurrent.ForkJoinPool.scan(ForkJoinPool.java:1655)\n\tat java.base/java.util.concurrent.ForkJoinPool.runWorker(ForkJoinPool.java:1622)\n\tat java.base/java.util.concurrent.ForkJoinWorkerThread.run(ForkJoinWorkerThread.java:165)\n\tSuppressed: org.openqa.selenium.NoSuchSessionException: Session ID is null. Using WebDriver after calling quit()?\nBuild info: version: '4.37.0', revision: '3c1da1e342'\nSystem info: os.name: 'Linux', os.arch: 'amd64', os.version: '6.11.0-1018-azure', java.version: '17.0.18'\nDriver info: org.openqa.selenium.remote.RemoteWebDriver\nCommand: [null, close {}]\nCapabilities {acceptInsecureCerts: false, browserName: chrome, browserVersion: 114.0.5735.133, chrome: {chromedriverVersion: 114.0.5735.90 (386bc09e8f4f..., userDataDir: /tmp/.com.google.Chrome.SApABc}, goog:chromeOptions: {debuggerAddress: localhost:40961}, networkConnectionEnabled: false, pageLoadStrategy: normal, platformName: linux, proxy: Proxy(), se:bidiEnabled: false, se:cdp: ws://172.18.0.4:4444/sessio..., se:cdpVersion: 114.0.5735.133, se:vnc: ws://172.18.0.4:4444/sessio..., se:vncEnabled: true, se:vncLocalAddress: ws://172.18.0.4:7900, setWindowRect: true, strictFileInteractability: false, timeouts: {implicit: 0, pageLoad: 300000, script: 30000}, unhandledPromptBehavior: dismiss and notify, webauthn:extension:credBlob: true, webauthn:extension:largeBlob: true, webauthn:extension:minPinLength: true, webauthn:extension:prf: true, webauthn:virtualAuthenticators: true}\n\t\tat org.openqa.selenium.remote.HttpCommandExecutor.execute(HttpCommandExecutor.java:176)\n\t\tat org.openqa.selenium.remote.TracedCommandExecutor.execute(TracedCommandExecutor.java:53)\n\t\tat org.openqa.selenium.remote.RemoteWebDriver.execute(RemoteWebDriver.java:557)\n\t\tat org.openqa.selenium.remote.RemoteWebDriver.execute(RemoteWebDriver.java:634)\n\t\tat org.openqa.selenium.remote.RemoteWebDriver.execute(RemoteWebDriver.java:638)\n\t\tat org.openqa.selenium.remote.RemoteWebDriver.close(RemoteWebDriver.java:430)\n\t\tat java.base/java.lang.reflect.Method.invoke(Method.java:569)\n\t\tat org.openqa.selenium.support.decorators.WebDriverDecorator.call(WebDriverDecorator.java:315)\n\t\tat org.openqa.selenium.support.decorators.DefaultDecorated.call(DefaultDecorated.java:48)\n\t\tat org.openqa.selenium.support.decorators.WebDriverDecorator.lambda$createProxyFactory$3(WebDriverDecorator.java:405)\n\t\tat net.bytebuddy.renamed.java.lang.Object$ByteBuddy$fI8gQvIH.close(Unknown Source)\n\t\tat io.cyborgcode.roa.ui.extensions.UiTestExtension.afterTestExecution(UiTestExtension.java:316)\n\t\t... 5 more\n","flaky":false,"newFailed":false,"newBroken":false,"newPassed":false,"retriesCount":0,"retriesStatusChange":false,"beforeStages":[{"name":"beforeAll","time":{"start":1769893105249,"stop":1769893105250,"duration":1},"status":"passed","steps":[],"attachments":[],"parameters":[],"shouldDisplayMessage":false,"stepsCount":0,"attachmentsCount":0,"hasContent":false,"attachmentStep":false}],"testStage":{"description":"Static Data with Storage feature: Retrieve storage data preloaded as static data before test execution","descriptionHtml":"<div style='margin: 20px;'><style>\n  .metadata-container { margin: 20px 0; }\n  .metadata-toggle {\n      background-color: #2c3e50;\n      color: white;\n      padding: 8px 12px;\n      cursor: pointer;\n      border: none;\n      border-radius: 4px;\n      font-size: 13px;\n      display: inline-flex;\n      align-items: center;\n      gap: 8px;\n      width: 150px;\n  }\n  .metadata-toggle:hover { background-color: #34495e; }\n  .metadata-toggle::before {\n      content: '▶';\n      display: inline-block;\n      transition: transform 0.3s;\n  }\n  details[open] .metadata-toggle::before { transform: rotate(90deg); }\n  .metadata-content { display: none; margin-top: 10px; }\n  details[open] .metadata-content { display: block; }\n  .metadata-table {\n      border-collapse: collapse;\n      width: 100%;\n      margin-top: 10px;\n      box-shadow: 0 4px 15px rgba(0, 0, 0, 0.1);\n  }\n  .metadata-table th {\n      background-color: #2c3e50;\n      color: white;\n      text-transform: uppercase;\n      font-size: 14px;\n      padding: 15px;\n      text-align: left;\n  }\n  .metadata-table td {\n      padding: 12px 15px;\n      border-bottom: 1px solid #ecf0f1;\n      font-size: 14px;\n      background-color: white;\n  }\n  .metadata-table tr:nth-child(even) td { background-color: #f8f9fa; }\n  .metadata-table tr:hover td { background-color: #f1f4f6; }\n  .annotation { display: block; margin: 5px 0; padding: 8px 12px; background-color: #f7f9fc; border-left: 3px solid #3498db; border-radius: 3px; }\n  .test-arguments { word-break: break-word; max-width: 600px; line-height: 1.5; }\n</style>\n\n<details class=\"metadata-container\">\n  <summary class=\"metadata-toggle\">Test Details</summary>\n  <div class=\"metadata-content\">\n    <table class=\"metadata-table\">\n      <tr><th style=\"width: 30%\">Property</th><th>Value</th></tr>\n      <tr><td>Test Name</td><td>staticTestDataFeatureUsingDataFromStorage</td></tr>\n      <tr><td>Class Name</td><td>AdvancedFeaturesTest</td></tr>\n      <tr><td>Class Annotations</td><td><pre class='annotation'>@SpringBootTest(,\n     args=,\n     classes=class io.cyborgcode.roa.framework.config.TestConfig,\n     properties=,\n     webEnvironment=NONE)\n@Tag(exclude-from-verify)\n@TestInstance(PER_CLASS)\n@DirtiesContext\n@UI\n@DB\n@API\n@DbHook(type=INITIALIZE_H2,\n     arguments=,\n     when=BEFORE)\n@DisplayName(Advanced Features usage examples)\n</pre></td></tr>\n      <tr><td>Method Annotations</td><td><pre class='annotation'>@Test\n@Smoke\n@Regression\n@Description(\"Static Data with Storage feature: Retrieve storage data preloaded as static data before test execution\")\n@Journey(LOGIN_DEFAULT_PRECONDITION,\n     journeyData=)\n@StaticTestData(class io.cyborgcode.ui.complex.test.framework.data.test_data.StaticData)\n</pre></td></tr>\n      <tr><td>Test Arguments</td><td class=\"test-arguments\">Quest</td></tr>\n    </table>\n  </div>\n</details></div>","status":"failed","statusMessage":"[✘ Validation failed: IS (Expected: 200, Actual: 302)] \nExpecting value to be true but was false","statusTrace":"org.opentest4j.AssertionFailedError: [✘ Validation failed: IS (Expected: 200, Actual: 302)] \nExpecting value to be true but was false\n\tat io.cyborgcode.roa.framework.chain.FluentService.lambda$validation$1(FluentService.java:91)\n\tat java.base/java.lang.Iterable.forEach(Iterable.java:75)\n\tat io.cyborgcode.roa.framework.chain.FluentService.validation(FluentService.java:77)\n\tat io.cyborgcode.roa.api.service.fluent.RestServiceFluent.validateResponse(RestServiceFluent.java:80)\n\tat io.cyborgcode.roa.api.service.fluent.RestServiceFluent.requestAndValidate(RestServiceFluent.java:94)\n\tat io.cyborgcode.ui.complex.test.framework.preconditions.PreconditionFunctions.loginUserAndValidate(PreconditionFunctions.java:88)\n\tat io.cyborgcode.ui.complex.test.framework.preconditions.PreconditionFunctions.loginDefaultUser(PreconditionFunctions.java:49)\n\tat io.cyborgcode.ui.complex.test.framework.preconditions.Preconditions.lambda$static$4(Preconditions.java:42)\n\tat io.cyborgcode.roa.framework.extension.Initiator.processPreQuest(Initiator.java:122)\n\tat io.cyborgcode.roa.framework.extension.Initiator.lambda$interceptTestMethod$0(Initiator.java:75)\n\tat java.base/java.lang.Iterable.forEach(Iterable.java:75)\n\tat io.cyborgcode.roa.framework.extension.Initiator.interceptTestMethod(Initiator.java:75)\n\tat java.base/java.util.concurrent.ForkJoinTask.doExec(ForkJoinTask.java:373)\n\tat java.base/java.util.concurrent.ForkJoinPool$WorkQueue.topLevelExec(ForkJoinPool.java:1182)\n\tat java.base/java.util.concurrent.ForkJoinPool.scan(ForkJoinPool.java:1655)\n\tat java.base/java.util.concurrent.ForkJoinPool.runWorker(ForkJoinPool.java:1622)\n\tat java.base/java.util.concurrent.ForkJoinWorkerThread.run(ForkJoinWorkerThread.java:165)\n\tSuppressed: org.openqa.selenium.NoSuchSessionException: Session ID is null. Using WebDriver after calling quit()?\nBuild info: version: '4.37.0', revision: '3c1da1e342'\nSystem info: os.name: 'Linux', os.arch: 'amd64', os.version: '6.11.0-1018-azure', java.version: '17.0.18'\nDriver info: org.openqa.selenium.remote.RemoteWebDriver\nCommand: [null, close {}]\nCapabilities {acceptInsecureCerts: false, browserName: chrome, browserVersion: 114.0.5735.133, chrome: {chromedriverVersion: 114.0.5735.90 (386bc09e8f4f..., userDataDir: /tmp/.com.google.Chrome.SApABc}, goog:chromeOptions: {debuggerAddress: localhost:40961}, networkConnectionEnabled: false, pageLoadStrategy: normal, platformName: linux, proxy: Proxy(), se:bidiEnabled: false, se:cdp: ws://172.18.0.4:4444/sessio..., se:cdpVersion: 114.0.5735.133, se:vnc: ws://172.18.0.4:4444/sessio..., se:vncEnabled: true, se:vncLocalAddress: ws://172.18.0.4:7900, setWindowRect: true, strictFileInteractability: false, timeouts: {implicit: 0, pageLoad: 300000, script: 30000}, unhandledPromptBehavior: dismiss and notify, webauthn:extension:credBlob: true, webauthn:extension:largeBlob: true, webauthn:extension:minPinLength: true, webauthn:extension:prf: true, webauthn:virtualAuthenticators: true}\n\t\tat org.openqa.selenium.remote.HttpCommandExecutor.execute(HttpCommandExecutor.java:176)\n\t\tat org.openqa.selenium.remote.TracedCommandExecutor.execute(TracedCommandExecutor.java:53)\n\t\tat org.openqa.selenium.remote.RemoteWebDriver.execute(RemoteWebDriver.java:557)\n\t\tat org.openqa.selenium.remote.RemoteWebDriver.execute(RemoteWebDriver.java:634)\n\t\tat org.openqa.selenium.remote.RemoteWebDriver.execute(RemoteWebDriver.java:638)\n\t\tat org.openqa.selenium.remote.RemoteWebDriver.close(RemoteWebDriver.java:430)\n\t\tat java.base/java.lang.reflect.Method.invoke(Method.java:569)\n\t\tat org.openqa.selenium.support.decorators.WebDriverDecorator.call(WebDriverDecorator.java:315)\n\t\tat org.openqa.selenium.support.decorators.DefaultDecorated.call(DefaultDecorated.java:48)\n\t\tat org.openqa.selenium.support.decorators.WebDriverDecorator.lambda$createProxyFactory$3(WebDriverDecorator.java:405)\n\t\tat net.bytebuddy.renamed.java.lang.Object$ByteBuddy$fI8gQvIH.close(Unknown Source)\n\t\tat io.cyborgcode.roa.ui.extensions.UiTestExtension.afterTestExecution(UiTestExtension.java:316)\n\t\t... 5 more\n","steps":[{"name":"Processing Pre-Quests","time":{"start":1769893188236},"status":"unknown","steps":[{"name":"Processing preQuestJourney: LOGIN_DEFAULT_PRECONDITION","time":{"start":1769893188249,"stop":1769893222119,"duration":33870},"status":"unknown","steps":[{"name":"[UI - Navigation] Navigate to the URL and maximize the browser window","time":{"start":1769893188253,"stop":1769893188253,"duration":0},"status":"passed","steps":[],"attachments":[],"parameters":[],"shouldDisplayMessage":false,"stepsCount":0,"attachmentsCount":0,"hasContent":false,"attachmentStep":false},{"name":"[UI - Input] Insert value 'admin@vaadin.com' into input element: USERNAME_FIELD","time":{"start":1769893189046,"stop":1769893189046,"duration":0},"status":"passed","steps":[],"attachments":[],"parameters":[],"shouldDisplayMessage":false,"stepsCount":0,"attachmentsCount":0,"hasContent":false,"attachmentStep":false},{"name":"[UI - Input] Insert value 'admin' into input element: PASSWORD_FIELD","time":{"start":1769893189383,"stop":1769893189383,"duration":0},"status":"passed","steps":[],"attachments":[],"parameters":[],"shouldDisplayMessage":false,"stepsCount":0,"attachmentsCount":0,"hasContent":false,"attachmentStep":false},{"name":"[UI - Button] Clicking button with componentType: VA_BUTTON_TYPE, locator: By.tagName: vaadin-button","time":{"start":1769893189544,"stop":1769893189544,"duration":0},"status":"passed","steps":[],"attachments":[],"parameters":[],"shouldDisplayMessage":false,"stepsCount":0,"attachmentsCount":0,"hasContent":false,"attachmentStep":false},{"name":"[UI - Button] Validating if button is visible/hidden with componentType: VA_BUTTON_TYPE, locator: By.cssSelector: vaadin-button#action","time":{"start":1769893190232,"stop":1769893190232,"duration":0},"status":"passed","steps":[],"attachments":[],"parameters":[],"shouldDisplayMessage":false,"stepsCount":0,"attachmentsCount":0,"hasContent":false,"attachmentStep":false},{"name":"[UI - Input] Validate if input element SEARCH_BAR_FIELD is enabled","time":{"start":1769893210821,"stop":1769893210821,"duration":0},"status":"passed","steps":[],"attachments":[],"parameters":[],"shouldDisplayMessage":false,"stepsCount":0,"attachmentsCount":0,"hasContent":false,"attachmentStep":false},{"name":"Sending request to endpoint POST-https://bakery-flow.demo.vaadin.com/storefront.","time":{"start":1769893210945,"stop":1769893210945,"duration":0},"status":"passed","steps":[],"attachments":[{"uid":"d8ae76895b2d5c34","name":"HTTP Method","source":"d8ae76895b2d5c34.txt","type":"text/plain","size":4},{"uid":"61a404b0557049b8","name":"URL","source":"61a404b0557049b8.txt","type":"text/plain","size":46},{"uid":"9e962f437103f81c","name":"Headers","source":"9e962f437103f81c.txt","type":"text/plain","size":186}],"parameters":[],"shouldDisplayMessage":false,"stepsCount":0,"attachmentsCount":3,"hasContent":true,"attachmentStep":false},{"name":"✅ Response: 302 from POST-https://bakery-flow.demo.vaadin.com/storefront in 11156ms.","time":{"start":1769893222105,"stop":1769893222106,"duration":1},"status":"passed","steps":[],"attachments":[{"uid":"c87028e9c355d617","name":"HTTP Method","source":"c87028e9c355d617.txt","type":"text/plain","size":4},{"uid":"e1d461c433167d12","name":"URL","source":"e1d461c433167d12.txt","type":"text/plain","size":46},{"uid":"f3a2de1bec134f7d","name":"Response Time (ms)","source":"f3a2de1bec134f7d.txt","type":"text/plain","size":5},{"uid":"a75e7347d63e48cb","name":"Status Code","source":"a75e7347d63e48cb.txt","type":"text/plain","size":3},{"uid":"ddf7b7631ced34b7","name":"Response Headers","source":"ddf7b7631ced34b7.txt","type":"text/plain","size":380}],"parameters":[],"shouldDisplayMessage":false,"stepsCount":0,"attachmentsCount":5,"hasContent":true,"attachmentStep":false},{"name":"Validating response with 1 assertion(s)","time":{"start":1769893222109,"stop":1769893222109,"duration":0},"status":"passed","steps":[],"attachments":[{"uid":"ef16e1e2ffc4870a","name":"Data to be validated","source":"ef16e1e2ffc4870a.txt","type":"text/plain","size":27}],"parameters":[],"shouldDisplayMessage":false,"stepsCount":0,"attachmentsCount":1,"hasContent":true,"attachmentStep":false},{"name":"✘ Validation failed: IS (Expected: 200, Actual: 302)","time":{"start":1769893222111,"stop":1769893222111,"duration":0},"status":"passed","steps":[],"attachments":[],"parameters":[],"shouldDisplayMessage":false,"stepsCount":0,"attachmentsCount":0,"hasContent":false,"attachmentStep":false}],"attachments":[{"uid":"957dea4957be4e00","name":"LOGIN_DEFAULT_PRECONDITION-Data","source":"957dea4957be4e00.txt","type":"text/plain","size":17}],"parameters":[],"shouldDisplayMessage":false,"stepsCount":10,"attachmentsCount":10,"hasContent":true,"attachmentStep":false},{"name":"Tear Down","time":{"start":1769893222119,"stop":1769893222369,"duration":250},"status":"unknown","steps":[],"attachments":[{"uid":"f5330666c9892500","name":"staticTestDataFeatureUsingDataFromStorage(Quest)","source":"f5330666c9892500.png","type":"image/png","size":113631},{"uid":"afc160f45bbc614d","name":"Filtered Logs for Test: AdvancedFeaturesTest.staticTestDataFeatureUsingDataFromStorage","source":"afc160f45bbc614d.log","type":"text/plain","size":5182}],"parameters":[],"shouldDisplayMessage":false,"stepsCount":0,"attachmentsCount":2,"hasContent":true,"attachmentStep":false}],"attachments":[],"parameters":[],"shouldDisplayMessage":false,"stepsCount":12,"attachmentsCount":12,"hasContent":true,"attachmentStep":false}],"attachments":[],"parameters":[],"shouldDisplayMessage":true,"stepsCount":13,"attachmentsCount":12,"hasContent":true,"attachmentStep":false},"afterStages":[{"name":"afterAll","time":{"start":1769893289384,"stop":1769893289384,"duration":0},"status":"passed","steps":[],"attachments":[],"parameters":[],"shouldDisplayMessage":false,"stepsCount":0,"attachmentsCount":0,"hasContent":false,"attachmentStep":false}],"labels":[{"name":"tag","value":"Smoke"},{"name":"tag","value":"Regression"},{"name":"tag","value":"exclude-from-verify"},{"name":"junit.platform.uniqueid","value":"[engine:junit-jupiter]/[class:io.cyborgcode.ui.complex.test.framework.AdvancedFeaturesTest]/[method:staticTestDataFeatureUsingDataFromStorage(io.cyborgcode.roa.framework.quest.Quest)]"},{"name":"host","value":"runnervmkj6or"},{"name":"thread","value":"4037@runnervmkj6or.ForkJoinPool-1-worker-1(17)"},{"name":"framework","value":"junit-platform"},{"name":"language","value":"java"},{"name":"package","value":"io.cyborgcode.ui.complex.test.framework.AdvancedFeaturesTest"},{"name":"testClass","value":"io.cyborgcode.ui.complex.test.framework.AdvancedFeaturesTest"},{"name":"testMethod","value":"staticTestDataFeatureUsingDataFromStorage"},{"name":"suite","value":"Advanced Features usage examples"},{"name":"resultFormat","value":"allure2"}],"parameters":[],"links":[],"hidden":false,"retry":false,"extra":{"severity":"normal","retries":[],"categories":[{"name":"Product defects","matchedStatuses":[],"flaky":false}],"tags":["Regression","exclude-from-verify","Smoke"]},"source":"27c1e892ab3be3d6.json","parameterValues":[]}