<?xml version="1.0" encoding="UTF-8"?>
<testsuite xmlns:xsi="http://www.w3.org/2001/XMLSchema-instance" xsi:noNamespaceSchemaLocation="https://maven.apache.org/surefire/maven-surefire-plugin/xsd/surefire-test-report.xsd" version="3.0.2" name="io.cyborgcode.roa.ui.components.table.service.TableImplTest" time="1.796" tests="0" errors="0" skipped="0" failures="0">
  <properties>
[...]
</properties>
  <testcase name="testProcessInsertCellValue_Order" classname="Lambda Expressions and Advanced Functionality Tests" time="0.491"/>
  <testcase name="testFilterTable_BadCustomFunction" classname="Table Filtering Tests (Public API)" time="0.075">
    <system-out><![CDATA[Filtering table for class 'BadCustomFilterRow' on column 'io.cyborgcode.roa.ui.components.table.base.TableField$$Lambda$1159/0x0000020c214e6ca8@430e9d37' using strategy 'SELECT' with values [filter value]
]]></system-out>
  </testcase>
  <testcase name="testFilterTable_NoFilterAnnotation" classname="Table Filtering Tests (Public API)" time="0.104">
    <system-out><![CDATA[Filtering table for class 'DummyRow' on column 'io.cyborgcode.roa.ui.components.table.base.TableField$$Lambda$1159/0x0000020c214e6ca8@2f9bd5ac' using strategy 'SELECT' with values [filter value]
]]></system-out>
  </testcase>
  <testcase name="testFilterTable_ComponentButNoRegistry" classname="Table Filtering Tests (Public API)" time="0.018">
    <system-out><![CDATA[Filtering table for class 'FilterRow' on column 'io.cyborgcode.roa.ui.components.table.base.TableField$$Lambda$1159/0x0000020c214e6ca8@1885d990' using strategy 'SELECT' with values [filter value]
]]></system-out>
  </testcase>
  <testcase name="testFilterTable_CustomFunction" classname="Table Filtering Tests (Public API)" time="0.024">
    <system-out><![CDATA[Filtering table for class 'CustomFilterRow' on column 'io.cyborgcode.roa.ui.components.table.base.TableField$$Lambda$1159/0x0000020c214e6ca8@59f4df4e' using strategy 'UNSELECT' with values [filter value]
]]></system-out>
  </testcase>
  <testcase name="testFilterTable_Component" classname="Table Filtering Tests (Public API)" time="0.015">
    <system-out><![CDATA[Filtering table for class 'FilterRow' on column 'io.cyborgcode.roa.ui.components.table.base.TableField$$Lambda$1159/0x0000020c214e6ca8@3d2162c5' using strategy 'SELECT_ONLY' with values [filter value, another]
]]></system-out>
  </testcase>
  <testcase name="testFilterTable_ComponentLookupError" classname="Table Filtering Tests (Public API)" time="0.029">
    <system-out><![CDATA[Filtering table for class 'FilterRow' on column 'io.cyborgcode.roa.ui.components.table.base.TableField$$Lambda$1159/0x0000020c214e6ca8@37e57a20' using strategy 'SELECT' with values [filter value]
]]></system-out>
  </testcase>
  <testcase name="testInsertCellValue_RowAndData_CustomFunction" classname="Table Insertion Tests (Public API)" time="0.033">
    <system-out><![CDATA[Inserting cell value(s) using data for row 1 for class 'CustomInsertionRow'
Inserting cell value in row 1 for class 'CustomInsertionRow', field 'io.cyborgcode.roa.ui.components.table.service.TableImpl$$Lambda$1171/0x0000020c214ef878@5d98522c', cell index 1
]]></system-out>
  </testcase>
  <testcase name="testInsertCellValue_ComponentButNoRegistry" classname="Table Insertion Tests (Public API)" time="0.014">
    <system-out><![CDATA[Inserting cell value(s) using data for row 1 for class 'InsertionRow'
Inserting cell value in row 1 for class 'InsertionRow', field 'io.cyborgcode.roa.ui.components.table.service.TableImpl$$Lambda$1171/0x0000020c214ef878@30386e95', cell index 1
]]></system-out>
  </testcase>
  <testcase name="testInsertCellValue_CriteriaAndField_CustomFunction" classname="Table Insertion Tests (Public API)" time="0.021">
    <system-out><![CDATA[Inserting cell value in row matching criteria [match] for class 'CustomInsertionRow', field 'io.cyborgcode.roa.ui.components.table.base.TableField$$Lambda$1159/0x0000020c214e6ca8@6fefaeba', cell index 1
]]></system-out>
  </testcase>
  <testcase name="testInsertCellValue_WithCustomFunction" classname="Table Insertion Tests (Public API)" time="0.025">
    <system-out><![CDATA[Inserting cell value(s) using data for row 1 for class 'RowWithCustomInsertion'
Inserting cell value in row 1 for class 'RowWithCustomInsertion', field 'io.cyborgcode.roa.ui.components.table.service.TableImpl$$Lambda$1171/0x0000020c214ef878@7d9a5edf', cell index 1
]]></system-out>
  </testcase>
  <testcase name="testInsertCellValue_CriteriaAndField_Component" classname="Table Insertion Tests (Public API)" time="0.021">
    <system-out><![CDATA[Inserting cell value in row matching criteria [match] for class 'InsertionRow', field 'io.cyborgcode.roa.ui.components.table.base.TableField$$Lambda$1159/0x0000020c214e6ca8@1f619466', cell index 1
]]></system-out>
  </testcase>
  <testcase name="testInsertCellValue_NoMethodDefinedForField" classname="Table Insertion Tests (Public API)" time="0.028">
    <system-out><![CDATA[Inserting cell value(s) into field 'io.cyborgcode.roa.ui.components.table.base.TableField$$Lambda$1159/0x0000020c214e6ca8@6f475ede' for row 1 for class 'DummyRow'
Inserting cell value in row 1 for class 'DummyRow', field 'io.cyborgcode.roa.ui.components.table.base.TableField$$Lambda$1159/0x0000020c214e6ca8@6f475ede', cell index 1
]]></system-out>
  </testcase>
  <testcase name="testInsertCellValue_RowAndData_Component" classname="Table Insertion Tests (Public API)" time="0.035">
    <system-out><![CDATA[Inserting cell value(s) using data for row 1 for class 'InsertionRow'
Inserting cell value in row 1 for class 'InsertionRow', field 'io.cyborgcode.roa.ui.components.table.service.TableImpl$$Lambda$1171/0x0000020c214ef878@205b3a1a', cell index 1
]]></system-out>
  </testcase>
  <testcase name="testInsertCellValue_RowAndField_Component" classname="Table Insertion Tests (Public API)" time="0.017">
    <system-out><![CDATA[Inserting cell value in row 1 for class 'InsertionRow', field 'io.cyborgcode.roa.ui.components.table.base.TableField$$Lambda$1159/0x0000020c214e6ca8@48715ab', cell index 1
]]></system-out>
  </testcase>
  <testcase name="testInsertCellValue_CriteriaAndData_Component" classname="Table Insertion Tests (Public API)" time="0.017">
    <system-out><![CDATA[Inserting cell value(s) using data for row matching criteria [match] for class 'InsertionRow'
Inserting cell value in row matching criteria [match] for class 'InsertionRow', field 'io.cyborgcode.roa.ui.components.table.service.TableImpl$$Lambda$1171/0x0000020c214ef878@5802572b', cell index 1
]]></system-out>
  </testcase>
  <testcase name="testInsertCellValue_InvalidIndex" classname="Table Insertion Tests (Public API)" time="0.019">
    <system-out><![CDATA[Inserting cell value(s) using data for row 1 for class 'InsertionRow'
Inserting cell value in row 1 for class 'InsertionRow', field 'io.cyborgcode.roa.ui.components.table.service.TableImpl$$Lambda$1171/0x0000020c214ef878@46eb5c0c', cell index 1
]]></system-out>
  </testcase>
  <testcase name="testInsertCellValue_CriteriaAndData_CustomFunction" classname="Table Insertion Tests (Public API)" time="0.012">
    <system-out><![CDATA[Inserting cell value(s) using data for row matching criteria [match] for class 'CustomInsertionRow'
Inserting cell value in row matching criteria [match] for class 'CustomInsertionRow', field 'io.cyborgcode.roa.ui.components.table.service.TableImpl$$Lambda$1171/0x0000020c214ef878@109a5573', cell index 1
]]></system-out>
  </testcase>
  <testcase name="testInsertCellValue_RowAndField_CustomFunction" classname="Table Insertion Tests (Public API)" time="0.015">
    <system-out><![CDATA[Inserting cell value in row 1 for class 'CustomInsertionRow', field 'io.cyborgcode.roa.ui.components.table.base.TableField$$Lambda$1159/0x0000020c214e6ca8@216bd6cd', cell index 1
]]></system-out>
  </testcase>
  <testcase name="testSortTableDelegatesToProtectedHelper" classname="Table Sorting Tests (Public API)" time="0.019">
    <system-out><![CDATA[Sorting table for class 'DummyRow' on column 'io.cyborgcode.roa.ui.components.table.base.TableField$$Lambda$1159/0x0000020c214e6ca8@6409a49a' using sorting strategy 'DESC'
]]></system-out>
  </testcase>
  <testcase name="testInvokeSetter_Success" classname="Helper Method Tests" time="0.009"/>
  <testcase name="testInvokeSetter_NullParameters" classname="Helper Method Tests" time="0.007"/>
  <testcase name="testConvertFieldValueToStrings_TableCell" classname="Helper Method Tests" time="0.008"/>
  <testcase name="testInvokeSetter_ListParameter" classname="Helper Method Tests" time="0.011"/>
  <testcase name="testConvertFieldValueToStrings_EmptyList" classname="Helper Method Tests" time="0.011"/>
  <testcase name="testInvokeSetter_InvocationTargetExceptionOtherCause" classname="Helper Method Tests" time="0.081"/>
  <testcase name="testConvertFieldValueToStrings_PrivateFieldNoException" classname="Helper Method Tests" time="0.016"/>
  <testcase name="testConvertFieldValueToStrings_ListOfTableCell" classname="Helper Method Tests" time="0.017"/>
  <testcase name="testInvokeSetter_NoSuchMethod" classname="Helper Method Tests" time="0.02"/>
  <testcase name="testInvokeSetter_InvocationException" classname="Helper Method Tests" time="0.011"/>
  <testcase name="testCreateInstance_ReflectiveOperationException" classname="Helper Method Tests" time="0.013"/>
  <testcase name="testConvertFieldValueToStrings_NonTableCellList" classname="Helper Method Tests" time="0.012"/>
  <testcase name="testGetTableContainer" classname="Constructor and Protected Getters" time="0.008"/>
  <testcase name="testGetRows" classname="Constructor and Protected Getters" time="0.008"/>
  <testcase name="testGetHeaderRow" classname="Constructor and Protected Getters" time="0.009"/>
  <testcase name="testConstructorWithDriverAndRegistry" classname="Constructor and Protected Getters" time="0.008"/>
  <testcase name="testReadTable_MissingTableInfo" classname="Table Reading Tests (Public API)" time="0.009">
    <system-out><![CDATA[Reading entire table as class 'MissingTableInfoRow'
]]></system-out>
  </testcase>
  <testcase name="testReadTable_ListField" classname="Table Reading Tests (Public API)" time="0.014">
    <system-out><![CDATA[Reading entire table as class 'ListFieldRow'
]]></system-out>
  </testcase>
  <testcase name="testReadTable_ClassAndFields" classname="Table Reading Tests (Public API)" time="0.012">
    <system-out><![CDATA[Reading table as class 'DummyRow' with fields [io.cyborgcode.roa.ui.components.table.base.TableField$$Lambda$1159/0x0000020c214e6ca8@2caf282e]
]]></system-out>
  </testcase>
  <testcase name="testReadTable_RangeAndFields" classname="Table Reading Tests (Public API)" time="0.021">
    <system-out><![CDATA[Reading table rows from 2 to 4 as class 'DummyRow' with fields [io.cyborgcode.roa.ui.components.table.base.TableField$$Lambda$1159/0x0000020c214e6ca8@7c9e149]
]]></system-out>
  </testcase>
  <testcase name="testReadTable_RangeWithNullFields" classname="Table Reading Tests (Public API)" time="0.013">
    <system-out><![CDATA[Reading table rows from 1 to 2 as class 'DummyRow' with fields null
]]></system-out>
  </testcase>
  <testcase name="testReadTable_MissingCellLocator" classname="Table Reading Tests (Public API)" time="0.014">
    <system-out><![CDATA[Reading table as class 'RowWithMissingLocator' with fields [io.cyborgcode.roa.ui.components.table.base.TableField$$Lambda$1159/0x0000020c214e6ca8@c2d0e93]
]]></system-out>
  </testcase>
  <testcase name="testReadRow_IndexAndFields" classname="Table Reading Tests (Public API)" time="0.026">
    <system-out><![CDATA[Reading row number 1 as class 'DummyRow' with fields [io.cyborgcode.roa.ui.components.table.base.TableField$$Lambda$1159/0x0000020c214e6ca8@37c48490]
]]></system-out>
  </testcase>
  <testcase name="testReadRow_InvalidIndex" classname="Table Reading Tests (Public API)" time="0.056">
    <system-out><![CDATA[Reading row number 2 as class 'DummyRow'
Reading row number 0 as class 'DummyRow'
Reading row number 1 as class 'DummyRow'
]]></system-out>
  </testcase>
  <testcase name="testReadRow_CriteriaNotFound" classname="Table Reading Tests (Public API)" time="0.032">
    <system-out><![CDATA[Reading row matching criteria [no match] as class 'DummyRow'
]]></system-out>
  </testcase>
  <testcase name="testReadTable_MultiSection" classname="Table Reading Tests (Public API)" time="0.017">
    <system-out><![CDATA[Reading entire table as class 'MultiSectionRow'
]]></system-out>
  </testcase>
  <testcase name="testReadTable_Class" classname="Table Reading Tests (Public API)" time="0.011">
    <system-out><![CDATA[Reading entire table as class 'DummyRow'
]]></system-out>
  </testcase>
  <testcase name="testReadTable_Range" classname="Table Reading Tests (Public API)" time="0.028">
    <system-out><![CDATA[Reading table rows from 2 to 4 as class 'DummyRow'
Reading table rows from 4 to 2 as class 'DummyRow'
Requested start/end range is invalid: 4-2. Returning empty list.
Reading table rows from 4 to 10 as class 'DummyRow'
]]></system-out>
  </testcase>
  <testcase name="testReadRow_CriteriaAndFields" classname="Table Reading Tests (Public API)" time="0.015">
    <system-out><![CDATA[Reading row matching criteria [match] as class 'DummyRow' with fields [io.cyborgcode.roa.ui.components.table.base.TableField$$Lambda$1159/0x0000020c214e6ca8@749aa36f]
]]></system-out>
  </testcase>
  <testcase name="testReadRow_Index" classname="Table Reading Tests (Public API)" time="0.011">
    <system-out><![CDATA[Reading row number 1 as class 'DummyRow'
]]></system-out>
  </testcase>
  <testcase name="testReadTable_LambdaCoverage_NullVsEmptyFields" classname="Table Reading Tests (Public API)" time="0.016">
    <system-out><![CDATA[Reading table as class 'DummyRow' with fields null
Reading table as class 'DummyRow' with fields []
]]></system-out>
  </testcase>
  <testcase name="testReadTable_ClassWithNullFields" classname="Table Reading Tests (Public API)" time="0.01">
    <system-out><![CDATA[Reading table as class 'DummyRow' with fields null
]]></system-out>
  </testcase>
  <testcase name="testReadRow_Criteria" classname="Table Reading Tests (Public API)" time="0.01">
    <system-out><![CDATA[Reading row matching criteria [match] as class 'DummyRow'
]]></system-out>
  </testcase>
  <testcase name="testExtractAnnotatedFields_InvalidSyntax" classname="Field Extraction and Mapping Tests (Internal Logic)" time="0.012"/>
  <testcase name="testValidateFieldInvokers_Success" classname="Field Extraction and Mapping Tests (Internal Logic)" time="0.01"/>
  <testcase name="testValidateFieldInvokers_IllegalAccessException" classname="Field Extraction and Mapping Tests (Internal Logic)" time="0.011">
    <system-out><![CDATA[No accepted value could be applied via FieldInvoker. Possible illegal field or setter in io.cyborgcode.roa.ui.components.table.service.TableImplTest$DummyRow
]]></system-out>
  </testcase>
  <testcase name="testValidateFieldInvokers_Failure" classname="Field Extraction and Mapping Tests (Internal Logic)" time="0.007"/>
  <testcase name="testMapToCellLocator_BasicField" classname="Field Extraction and Mapping Tests (Internal Logic)" time="0.015"/>
  <testcase name="testMapToCellLocator_WithCellFilter" classname="Field Extraction and Mapping Tests (Internal Logic)" time="0.007"/>
  <testcase name="testMapToCellLocator_WithCustomCellFilter" classname="Field Extraction and Mapping Tests (Internal Logic)" time="0.007"/>
  <testcase name="testExtractAnnotatedFields_WithFieldInvokers" classname="Field Extraction and Mapping Tests (Internal Logic)" time="0.013"/>
  <testcase name="testMapToCellLocator_WithCustomCellInsertion" classname="Field Extraction and Mapping Tests (Internal Logic)" time="0.006"/>
  <testcase name="testMapToCellLocator_WithCellInsertion" classname="Field Extraction and Mapping Tests (Internal Logic)" time="0.008"/>
  <testcase name="testExtractAnnotatedFields_EmptyFieldsList" classname="Field Extraction and Mapping Tests (Internal Logic)" time="0.007"/>
  <testcase name="testExtractAnnotatedFields_MissingLocatorWithFields" classname="Field Extraction and Mapping Tests (Internal Logic)" time="0.008"/>
</testsuite>